19.09.2017 19:48:46: local premium valid, unlocking
19.09.2017 19:48:46: premium unlocked
19.09.2017 19:48:46: ->prepare_app_after_start finished task!
19.09.2017 19:48:46: checking premium with server
19.09.2017 19:48:46: premium unlocked
19.09.2017 19:48:46: IP SET
21.09.2017 16:26:37: local premium valid, unlocking
21.09.2017 16:26:37: premium unlocked
21.09.2017 16:26:37: ->prepare_app_after_start finished task!
21.09.2017 16:26:37: checking premium with server
21.09.2017 16:26:38: premium unlocked
21.09.2017 16:26:47: local premium valid, unlocking
21.09.2017 16:26:47: premium unlocked
21.09.2017 16:26:48: ->prepare_app_after_start finished task!
21.09.2017 16:26:48: checking premium with server
21.09.2017 16:26:48: premium unlocked
21.09.2017 16:26:57: local premium valid, unlocking
21.09.2017 16:26:57: premium unlocked
21.09.2017 16:26:57: ->prepare_app_after_start finished task!
21.09.2017 16:26:57: checking premium with server
21.09.2017 16:26:57: IP SET
21.09.2017 16:26:57: premium unlocked
21.09.2017 16:27:29: local premium valid, unlocking
21.09.2017 16:27:29: premium unlocked
21.09.2017 16:27:29: ->prepare_app_after_start finished task!
21.09.2017 16:27:29: checking premium with server
21.09.2017 16:27:29: premium unlocked
21.09.2017 16:27:39: local premium valid, unlocking
21.09.2017 16:27:39: premium unlocked
21.09.2017 16:27:39: ->prepare_app_after_start finished task!
21.09.2017 16:27:39: checking premium with server
21.09.2017 16:27:40: premium unlocked
22.09.2017 18:29:04: local premium valid, unlocking
22.09.2017 18:29:04: premium unlocked
22.09.2017 18:29:04: ->prepare_app_after_start finished task!
22.09.2017 18:29:04: checking premium with server
22.09.2017 18:29:04: premium unlocked
22.09.2017 18:47:00: local premium valid, unlocking
22.09.2017 18:47:00: premium unlocked
22.09.2017 18:47:00: ->prepare_app_after_start finished task!
22.09.2017 18:47:00: checking premium with server
22.09.2017 18:47:00: IP SET
22.09.2017 18:47:00: premium unlocked
22.09.2017 18:48:37: local premium valid, unlocking
22.09.2017 18:48:37: premium unlocked
22.09.2017 18:48:37: ->prepare_app_after_start finished task!
22.09.2017 18:48:37: checking premium with server
22.09.2017 18:48:37: premium unlocked
22.09.2017 18:54:50: local premium valid, unlocking
22.09.2017 18:54:50: premium unlocked
22.09.2017 18:54:50: ->prepare_app_after_start finished task!
22.09.2017 18:54:50: checking premium with server
22.09.2017 18:54:50: IP SET
22.09.2017 18:54:50: premium unlocked
22.09.2017 18:55:17: ---saving config---
22.09.2017 18:55:17: ---ERR: File access error---
22.09.2017 18:55:18: ---saving config---
22.09.2017 18:55:18: ---ERR: File access error---
22.09.2017 18:58:40: local premium valid, unlocking
22.09.2017 18:58:40: premium unlocked
22.09.2017 18:58:40: ->prepare_app_after_start finished task!
22.09.2017 18:58:40: checking premium with server
22.09.2017 18:58:41: IP SET
22.09.2017 19:02:29: local premium valid, unlocking
22.09.2017 19:02:29: premium unlocked
22.09.2017 19:02:29: ->prepare_app_after_start finished task!
22.09.2017 19:02:29: checking premium with server
22.09.2017 19:02:29: premium unlocked
22.09.2017 19:02:29: IP SET
22.09.2017 19:02:38: ---server start---
22.09.2017 19:02:41: ---DONE!---
22.09.2017 19:02:48: ---server start---
22.09.2017 19:02:48: d:\program files (x86)\steam\steamapps\common\7 Days To Die\7DaysToDie.exe-quit -batchmode -nographics -configfile=serverconfig.xml -dedicated
22.09.2017 19:02:48: ---locking ctrl---
22.09.2017 19:02:48: ---DONE!---
22.09.2017 19:03:26: ---starting telnet_connection---
22.09.2017 19:03:27: ---starting spamer---
22.09.2017 19:03:41: ---killing 7daystodie.exe---
22.09.2017 19:11:36: local premium valid, unlocking
22.09.2017 19:11:36: premium unlocked
22.09.2017 19:11:36: ->prepare_app_after_start finished task!
22.09.2017 19:11:36: checking premium with server
22.09.2017 19:11:36: IP SET
22.09.2017 19:16:07: local premium valid, unlocking
22.09.2017 19:16:07: premium unlocked
22.09.2017 19:16:07: ->prepare_app_after_start finished task!
22.09.2017 19:16:08: checking premium with server
22.09.2017 19:16:08: IP SET
22.09.2017 19:16:08: premium unlocked
22.09.2017 19:21:11: local premium valid, unlocking
22.09.2017 19:21:11: premium unlocked
22.09.2017 19:21:11: ->prepare_app_after_start finished task!
22.09.2017 19:21:11: checking premium with server
22.09.2017 19:21:11: premium unlocked
22.09.2017 19:21:11: IP SET
22.09.2017 19:26:06: local premium valid, unlocking
22.09.2017 19:26:06: premium unlocked
22.09.2017 19:26:06: ->prepare_app_after_start finished task!
22.09.2017 19:26:06: checking premium with server
22.09.2017 19:26:06: IP SET
22.09.2017 19:26:06: premium unlocked
22.09.2017 19:26:31: local premium valid, unlocking
22.09.2017 19:26:31: premium unlocked
22.09.2017 19:26:31: ->prepare_app_after_start finished task!
22.09.2017 19:26:31: checking premium with server
22.09.2017 19:26:31: premium unlocked
22.09.2017 19:27:53: local premium valid, unlocking
22.09.2017 19:27:53: premium unlocked
22.09.2017 19:27:53: ->prepare_app_after_start finished task!
22.09.2017 19:27:53: checking premium with server
22.09.2017 19:27:53: IP SET
22.09.2017 19:27:53: premium unlocked
22.09.2017 19:28:11: local premium valid, unlocking
22.09.2017 19:28:11: premium unlocked
22.09.2017 19:28:11: ->prepare_app_after_start finished task!
22.09.2017 19:28:12: checking premium with server
22.09.2017 19:28:12: premium unlocked
22.09.2017 19:28:51: ---server start---
22.09.2017 19:28:51: d:\program files (x86)\steam\steamapps\common\7 Days To Die\7DaysToDie.exe-quit -batchmode -nographics -configfile=serverconfig.xml -dedicated
22.09.2017 19:28:51: ---locking ctrl---
22.09.2017 19:28:51: ---DONE!---
22.09.2017 19:29:29: ---starting telnet_connection---
22.09.2017 19:29:31: ---starting spamer---
22.09.2017 19:29:48: REFRESH: True
22.09.2017 19:30:06: REFRESH: True
22.09.2017 19:31:16: local premium valid, unlocking
22.09.2017 19:31:16: premium unlocked
22.09.2017 19:31:16: ->prepare_app_after_start finished task!
22.09.2017 19:31:16: checking premium with server
22.09.2017 19:31:17: premium unlocked
22.09.2017 19:32:55: local premium valid, unlocking
22.09.2017 19:32:55: premium unlocked
22.09.2017 19:32:55: ->prepare_app_after_start finished task!
22.09.2017 19:32:55: checking premium with server
22.09.2017 19:32:55: IP SET
22.09.2017 19:32:55: premium unlocked
22.09.2017 19:34:07: local premium valid, unlocking
22.09.2017 19:34:07: premium unlocked
22.09.2017 19:34:07: ->prepare_app_after_start finished task!
22.09.2017 19:34:07: checking premium with server
22.09.2017 19:34:07: premium unlocked
22.09.2017 19:36:28: local premium valid, unlocking
22.09.2017 19:36:28: premium unlocked
22.09.2017 19:36:28: ->prepare_app_after_start finished task!
22.09.2017 19:36:28: checking premium with server
22.09.2017 19:36:28: IP SET
22.09.2017 19:36:28: premium unlocked
22.09.2017 19:37:09: local premium valid, unlocking
22.09.2017 19:37:09: premium unlocked
22.09.2017 19:37:09: ->prepare_app_after_start finished task!
22.09.2017 19:37:09: checking premium with server
22.09.2017 19:37:10: IP SET
22.09.2017 19:37:10: premium unlocked
22.09.2017 19:43:44: local premium valid, unlocking
22.09.2017 19:43:44: premium unlocked
22.09.2017 19:43:44: ->prepare_app_after_start finished task!
22.09.2017 19:43:44: checking premium with server
22.09.2017 19:43:44: IP SET
22.09.2017 19:43:44: premium unlocked
22.09.2017 19:45:10: local premium valid, unlocking
22.09.2017 19:45:10: premium unlocked
22.09.2017 19:45:10: ->prepare_app_after_start finished task!
22.09.2017 19:45:10: checking premium with server
22.09.2017 19:45:10: premium unlocked
22.09.2017 19:45:44: local premium valid, unlocking
22.09.2017 19:45:44: premium unlocked
22.09.2017 19:45:44: ->prepare_app_after_start finished task!
22.09.2017 19:45:44: checking premium with server
22.09.2017 19:45:44: IP SET
22.09.2017 19:45:44: premium unlocked
22.09.2017 19:46:16: local premium valid, unlocking
22.09.2017 19:46:16: premium unlocked
22.09.2017 19:46:16: ->prepare_app_after_start finished task!
22.09.2017 19:46:16: checking premium with server
22.09.2017 19:46:16: IP SET
22.09.2017 19:46:17: premium unlocked
22.09.2017 22:55:24: local premium valid, unlocking
22.09.2017 22:55:24: premium unlocked
22.09.2017 22:55:24: ->prepare_app_after_start finished task!
22.09.2017 22:55:24: checking premium with server
22.09.2017 22:55:24: IP SET
22.09.2017 22:55:24: premium unlocked
22.09.2017 23:05:38: local premium valid, unlocking
22.09.2017 23:05:38: premium unlocked
22.09.2017 23:05:38: ->prepare_app_after_start finished task!
22.09.2017 23:05:38: checking premium with server
22.09.2017 23:05:38: premium unlocked
22.09.2017 23:05:38: IP SET
22.09.2017 23:09:02: local premium valid, unlocking
22.09.2017 23:09:02: premium unlocked
22.09.2017 23:09:02: ->prepare_app_after_start finished task!
22.09.2017 23:09:02: checking premium with server
22.09.2017 23:09:02: IP SET
22.09.2017 23:09:54: local premium valid, unlocking
22.09.2017 23:09:54: premium unlocked
22.09.2017 23:09:54: ->prepare_app_after_start finished task!
22.09.2017 23:09:54: checking premium with server
22.09.2017 23:09:54: IP SET
22.09.2017 23:09:54: premium unlocked
22.09.2017 23:10:10: local premium valid, unlocking
22.09.2017 23:10:10: premium unlocked
22.09.2017 23:10:10: ->prepare_app_after_start finished task!
22.09.2017 23:10:10: checking premium with server
22.09.2017 23:10:10: premium unlocked
22.09.2017 23:11:54: local premium valid, unlocking
22.09.2017 23:11:54: premium unlocked
22.09.2017 23:11:54: ->prepare_app_after_start finished task!
22.09.2017 23:11:54: checking premium with server
22.09.2017 23:11:54: IP SET
22.09.2017 23:11:54: premium unlocked
22.09.2017 23:13:11: local premium valid, unlocking
22.09.2017 23:13:11: premium unlocked
22.09.2017 23:13:11: ->prepare_app_after_start finished task!
22.09.2017 23:13:11: checking premium with server
22.09.2017 23:13:11: premium unlocked
22.09.2017 23:15:32: local premium valid, unlocking
22.09.2017 23:15:32: premium unlocked
22.09.2017 23:15:32: ->prepare_app_after_start finished task!
22.09.2017 23:15:32: checking premium with server
22.09.2017 23:15:32: IP SET
22.09.2017 23:19:23: local premium valid, unlocking
22.09.2017 23:19:23: premium unlocked
22.09.2017 23:19:23: ->prepare_app_after_start finished task!
22.09.2017 23:19:23: checking premium with server
22.09.2017 23:19:23: premium unlocked
22.09.2017 23:21:16: local premium valid, unlocking
22.09.2017 23:21:16: premium unlocked
22.09.2017 23:21:16: ->prepare_app_after_start finished task!
22.09.2017 23:21:16: checking premium with server
22.09.2017 23:21:16: premium unlocked
22.09.2017 23:23:09: local premium valid, unlocking
22.09.2017 23:23:09: premium unlocked
22.09.2017 23:23:09: ->prepare_app_after_start finished task!
22.09.2017 23:23:09: checking premium with server
22.09.2017 23:23:09: IP SET
22.09.2017 23:23:09: premium unlocked
22.09.2017 23:23:53: local premium valid, unlocking
22.09.2017 23:23:53: premium unlocked
22.09.2017 23:23:53: ->prepare_app_after_start finished task!
22.09.2017 23:23:53: checking premium with server
22.09.2017 23:23:53: IP SET
22.09.2017 23:23:54: premium unlocked
22.09.2017 23:27:27: local premium valid, unlocking
22.09.2017 23:27:27: premium unlocked
22.09.2017 23:27:27: ->prepare_app_after_start finished task!
22.09.2017 23:27:27: checking premium with server
22.09.2017 23:27:27: IP SET
22.09.2017 23:27:27: premium unlocked
22.09.2017 23:29:22: local premium valid, unlocking
22.09.2017 23:29:22: premium unlocked
22.09.2017 23:29:22: ->prepare_app_after_start finished task!
22.09.2017 23:29:22: checking premium with server
22.09.2017 23:29:22: IP SET
22.09.2017 23:30:41: local premium valid, unlocking
22.09.2017 23:30:41: premium unlocked
22.09.2017 23:30:41: ->prepare_app_after_start finished task!
22.09.2017 23:30:41: checking premium with server
22.09.2017 23:30:41: IP SET
22.09.2017 23:30:41: premium unlocked
22.09.2017 23:31:56: local premium valid, unlocking
22.09.2017 23:31:56: premium unlocked
22.09.2017 23:31:56: ->prepare_app_after_start finished task!
22.09.2017 23:31:56: checking premium with server
22.09.2017 23:31:56: IP SET
22.09.2017 23:31:56: premium unlocked
22.09.2017 23:35:40: local premium valid, unlocking
22.09.2017 23:35:40: premium unlocked
22.09.2017 23:35:40: ->prepare_app_after_start finished task!
22.09.2017 23:35:40: checking premium with server
22.09.2017 23:35:40: IP SET
22.09.2017 23:35:40: premium unlocked
23.09.2017 00:21:09: local premium valid, unlocking
23.09.2017 00:21:09: premium unlocked
23.09.2017 00:21:09: ->prepare_app_after_start finished task!
23.09.2017 00:21:09: checking premium with server
23.09.2017 00:21:09: premium unlocked
23.09.2017 00:21:09: IP SET
23.09.2017 00:21:51: local premium valid, unlocking
23.09.2017 00:21:51: premium unlocked
23.09.2017 00:21:51: ->prepare_app_after_start finished task!
23.09.2017 00:21:51: checking premium with server
23.09.2017 00:21:51: IP SET
27.09.2017 21:10:25: local premium valid, unlocking
27.09.2017 21:10:25: premium unlocked
27.09.2017 21:10:25: ->prepare_app_after_start finished task!
27.09.2017 21:10:25: checking premium with server
27.09.2017 21:10:26: IP SET
28.09.2017 21:50:57: local premium valid, unlocking
28.09.2017 21:50:57: premium unlocked
28.09.2017 21:50:57: ->prepare_app_after_start finished task!
28.09.2017 21:50:57: checking premium with server
28.09.2017 21:50:57: premium unlocked
28.09.2017 21:56:14: local premium valid, unlocking
28.09.2017 21:56:14: premium unlocked
28.09.2017 21:56:14: ->prepare_app_after_start finished task!
28.09.2017 21:56:14: checking premium with server
28.09.2017 21:56:14: IP SET
28.09.2017 21:56:14: premium unlocked
28.09.2017 21:58:29: local premium valid, unlocking
28.09.2017 21:58:29: premium unlocked
28.09.2017 21:58:29: ->prepare_app_after_start finished task!
28.09.2017 21:58:29: checking premium with server
28.09.2017 21:58:29: IP SET
28.09.2017 21:58:29: premium unlocked
28.09.2017 21:59:46: local premium valid, unlocking
28.09.2017 21:59:46: premium unlocked
28.09.2017 21:59:46: ->prepare_app_after_start finished task!
28.09.2017 21:59:46: checking premium with server
28.09.2017 21:59:46: IP SET
28.09.2017 21:59:46: premium unlocked
28.09.2017 22:00:09: local premium valid, unlocking
28.09.2017 22:00:09: premium unlocked
28.09.2017 22:00:09: ->prepare_app_after_start finished task!
28.09.2017 22:00:09: checking premium with server
28.09.2017 22:00:09: premium unlocked
28.09.2017 22:01:19: local premium valid, unlocking
28.09.2017 22:01:19: premium unlocked
28.09.2017 22:01:19: ->prepare_app_after_start finished task!
28.09.2017 22:01:19: checking premium with server
28.09.2017 22:01:19: premium unlocked
28.09.2017 22:05:21: local premium valid, unlocking
28.09.2017 22:05:21: premium unlocked
28.09.2017 22:05:21: ->prepare_app_after_start finished task!
28.09.2017 22:05:21: checking premium with server
28.09.2017 22:05:21: premium unlocked
28.09.2017 22:06:56: local premium valid, unlocking
28.09.2017 22:06:56: premium unlocked
28.09.2017 22:06:56: ->prepare_app_after_start finished task!
28.09.2017 22:06:56: checking premium with server
28.09.2017 22:06:56: IP SET
28.09.2017 22:06:56: premium unlocked
28.09.2017 22:07:18: local premium valid, unlocking
28.09.2017 22:07:18: premium unlocked
28.09.2017 22:07:18: ->prepare_app_after_start finished task!
28.09.2017 22:07:18: checking premium with server
28.09.2017 22:07:18: IP SET
28.09.2017 22:07:18: premium unlocked
28.09.2017 22:08:36: local premium valid, unlocking
28.09.2017 22:08:36: premium unlocked
28.09.2017 22:08:36: ->prepare_app_after_start finished task!
28.09.2017 22:08:36: checking premium with server
28.09.2017 22:08:36: IP SET
28.09.2017 22:08:36: premium unlocked
28.09.2017 22:11:15: local premium valid, unlocking
28.09.2017 22:11:15: premium unlocked
28.09.2017 22:11:15: ->prepare_app_after_start finished task!
28.09.2017 22:11:15: checking premium with server
28.09.2017 22:11:15: IP SET
28.09.2017 22:11:15: premium unlocked
28.09.2017 22:11:55: local premium valid, unlocking
28.09.2017 22:11:55: premium unlocked
28.09.2017 22:11:55: ->prepare_app_after_start finished task!
28.09.2017 22:11:55: checking premium with server
28.09.2017 22:11:55: IP SET
28.09.2017 22:11:55: premium unlocked
28.09.2017 22:12:35: local premium valid, unlocking
28.09.2017 22:12:35: premium unlocked
28.09.2017 22:12:35: ->prepare_app_after_start finished task!
28.09.2017 22:12:35: checking premium with server
28.09.2017 22:12:35: IP SET
28.09.2017 22:12:35: premium unlocked
28.09.2017 22:13:18: local premium valid, unlocking
28.09.2017 22:13:18: premium unlocked
28.09.2017 22:13:18: ->prepare_app_after_start finished task!
28.09.2017 22:13:18: checking premium with server
28.09.2017 22:13:19: premium unlocked
28.09.2017 22:14:59: local premium valid, unlocking
28.09.2017 22:14:59: premium unlocked
28.09.2017 22:14:59: ->prepare_app_after_start finished task!
28.09.2017 22:14:59: checking premium with server
28.09.2017 22:14:59: IP SET
28.09.2017 22:19:46: local premium valid, unlocking
28.09.2017 22:19:46: premium unlocked
28.09.2017 22:19:46: ->prepare_app_after_start finished task!
28.09.2017 22:19:46: checking premium with server
28.09.2017 22:19:46: IP SET
28.09.2017 22:19:46: premium unlocked
28.09.2017 22:27:58: local premium valid, unlocking
28.09.2017 22:27:58: premium unlocked
28.09.2017 22:27:58: ->prepare_app_after_start finished task!
28.09.2017 22:27:58: checking premium with server
28.09.2017 22:27:58: IP SET
28.09.2017 22:27:59: premium unlocked
28.09.2017 22:29:15: local premium valid, unlocking
28.09.2017 22:29:15: premium unlocked
28.09.2017 22:29:15: ->prepare_app_after_start finished task!
28.09.2017 22:29:15: checking premium with server
28.09.2017 22:29:15: IP SET
28.09.2017 22:30:47: local premium valid, unlocking
28.09.2017 22:30:47: premium unlocked
28.09.2017 22:30:47: ->prepare_app_after_start finished task!
28.09.2017 22:30:47: checking premium with server
28.09.2017 22:30:47: IP SET
28.09.2017 22:30:47: premium unlocked
28.09.2017 22:44:48: local premium valid, unlocking
28.09.2017 22:44:48: premium unlocked
28.09.2017 22:44:48: ->prepare_app_after_start finished task!
28.09.2017 22:44:48: checking premium with server
28.09.2017 22:44:48: premium unlocked
28.09.2017 22:48:10: local premium valid, unlocking
28.09.2017 22:48:10: premium unlocked
28.09.2017 22:48:10: ->prepare_app_after_start finished task!
28.09.2017 22:48:10: checking premium with server
28.09.2017 22:48:10: IP SET
28.09.2017 22:48:10: premium unlocked
28.09.2017 22:49:13: local premium valid, unlocking
28.09.2017 22:49:13: premium unlocked
28.09.2017 22:49:13: ->prepare_app_after_start finished task!
28.09.2017 22:49:13: checking premium with server
28.09.2017 22:49:14: IP SET
28.09.2017 22:49:14: premium unlocked
28.09.2017 22:49:51: local premium valid, unlocking
28.09.2017 22:49:51: premium unlocked
28.09.2017 22:49:51: ->prepare_app_after_start finished task!
28.09.2017 22:49:51: checking premium with server
28.09.2017 22:49:51: premium unlocked
28.09.2017 22:50:42: local premium valid, unlocking
28.09.2017 22:50:42: premium unlocked
28.09.2017 22:50:42: ->prepare_app_after_start finished task!
28.09.2017 22:50:42: checking premium with server
28.09.2017 22:50:42: IP SET
28.09.2017 22:50:42: premium unlocked
28.09.2017 22:51:36: local premium valid, unlocking
28.09.2017 22:51:36: premium unlocked
28.09.2017 22:51:36: ->prepare_app_after_start finished task!
28.09.2017 22:51:36: checking premium with server
28.09.2017 22:51:36: premium unlocked
28.09.2017 22:53:00: local premium valid, unlocking
28.09.2017 22:53:00: premium unlocked
28.09.2017 22:53:00: ->prepare_app_after_start finished task!
28.09.2017 22:53:00: checking premium with server
28.09.2017 22:53:00: IP SET
28.09.2017 22:55:20: local premium valid, unlocking
28.09.2017 22:55:20: premium unlocked
28.09.2017 22:55:20: ->prepare_app_after_start finished task!
28.09.2017 22:55:20: checking premium with server
28.09.2017 22:55:20: premium unlocked
28.09.2017 22:56:05: local premium valid, unlocking
28.09.2017 22:56:05: premium unlocked
28.09.2017 22:56:05: ->prepare_app_after_start finished task!
28.09.2017 22:56:05: checking premium with server
28.09.2017 22:56:05: premium unlocked
28.09.2017 22:56:22: local premium valid, unlocking
28.09.2017 22:56:22: premium unlocked
28.09.2017 22:56:22: ->prepare_app_after_start finished task!
28.09.2017 22:56:22: checking premium with server
28.09.2017 22:56:22: IP SET
28.09.2017 22:56:22: premium unlocked
28.09.2017 22:58:09: local premium valid, unlocking
28.09.2017 22:58:09: premium unlocked
28.09.2017 22:58:09: ->prepare_app_after_start finished task!
28.09.2017 22:58:09: checking premium with server
28.09.2017 22:58:09: IP SET
28.09.2017 22:58:09: premium unlocked
28.09.2017 22:58:53: local premium valid, unlocking
28.09.2017 22:58:53: premium unlocked
28.09.2017 22:58:53: ->prepare_app_after_start finished task!
28.09.2017 22:58:54: checking premium with server
28.09.2017 22:58:54: IP SET
28.09.2017 22:58:54: premium unlocked
28.09.2017 22:59:24: local premium valid, unlocking
28.09.2017 22:59:24: premium unlocked
28.09.2017 22:59:24: ->prepare_app_after_start finished task!
28.09.2017 22:59:24: checking premium with server
28.09.2017 22:59:24: IP SET
28.09.2017 22:59:24: premium unlocked
28.09.2017 22:59:51: local premium valid, unlocking
28.09.2017 22:59:51: premium unlocked
28.09.2017 22:59:51: ->prepare_app_after_start finished task!
28.09.2017 22:59:51: checking premium with server
28.09.2017 22:59:52: IP SET
28.09.2017 22:59:52: premium unlocked
28.09.2017 23:00:17: local premium valid, unlocking
28.09.2017 23:00:17: premium unlocked
28.09.2017 23:00:17: ->prepare_app_after_start finished task!
28.09.2017 23:00:17: checking premium with server
28.09.2017 23:00:17: IP SET
28.09.2017 23:00:17: premium unlocked
28.09.2017 23:00:55: local premium valid, unlocking
28.09.2017 23:00:55: premium unlocked
28.09.2017 23:00:55: ->prepare_app_after_start finished task!
28.09.2017 23:00:55: checking premium with server
28.09.2017 23:00:55: IP SET
28.09.2017 23:01:53: local premium valid, unlocking
28.09.2017 23:01:53: premium unlocked
28.09.2017 23:01:53: ->prepare_app_after_start finished task!
28.09.2017 23:01:53: checking premium with server
28.09.2017 23:01:53: premium unlocked
28.09.2017 23:05:09: local premium valid, unlocking
28.09.2017 23:05:09: premium unlocked
28.09.2017 23:05:09: ->prepare_app_after_start finished task!
28.09.2017 23:05:09: checking premium with server
28.09.2017 23:05:09: IP SET
28.09.2017 23:07:03: local premium valid, unlocking
28.09.2017 23:07:03: premium unlocked
28.09.2017 23:07:03: ->prepare_app_after_start finished task!
28.09.2017 23:07:03: checking premium with server
28.09.2017 23:07:04: IP SET
28.09.2017 23:08:25: local premium valid, unlocking
28.09.2017 23:08:25: premium unlocked
28.09.2017 23:08:25: ->prepare_app_after_start finished task!
28.09.2017 23:08:25: checking premium with server
28.09.2017 23:08:25: IP SET
28.09.2017 23:08:25: premium unlocked
28.09.2017 23:08:56: local premium valid, unlocking
28.09.2017 23:08:56: premium unlocked
28.09.2017 23:08:56: ->prepare_app_after_start finished task!
28.09.2017 23:08:56: checking premium with server
28.09.2017 23:08:57: IP SET
28.09.2017 23:09:20: local premium valid, unlocking
28.09.2017 23:09:20: premium unlocked
28.09.2017 23:09:20: ->prepare_app_after_start finished task!
28.09.2017 23:09:20: checking premium with server
28.09.2017 23:09:20: IP SET
28.09.2017 23:09:20: premium unlocked
28.09.2017 23:11:59: local premium valid, unlocking
28.09.2017 23:11:59: premium unlocked
28.09.2017 23:11:59: ->prepare_app_after_start finished task!
28.09.2017 23:11:59: checking premium with server
28.09.2017 23:11:59: IP SET
28.09.2017 23:12:47: local premium valid, unlocking
28.09.2017 23:12:47: premium unlocked
28.09.2017 23:12:47: ->prepare_app_after_start finished task!
28.09.2017 23:12:47: checking premium with server
28.09.2017 23:12:47: IP SET
28.09.2017 23:12:47: premium unlocked
28.09.2017 23:12:49: ---server start---
28.09.2017 23:12:49: d:\program files (x86)\steam\steamapps\common\7 Days To Die\7DaysToDie.exe-quit -batchmode -nographics -configfile=serverconfig.xml -dedicated
28.09.2017 23:12:49: ---locking ctrl---
28.09.2017 23:12:49: ---DONE!---
28.09.2017 23:13:26: ---starting telnet_connection---
28.09.2017 23:13:27: ---starting spamer---
28.09.2017 23:14:18: local premium valid, unlocking
28.09.2017 23:14:18: premium unlocked
28.09.2017 23:14:18: ->prepare_app_after_start finished task!
28.09.2017 23:14:18: checking premium with server
28.09.2017 23:14:18: IP SET
28.09.2017 23:14:18: premium unlocked
28.09.2017 23:14:32: local premium valid, unlocking
28.09.2017 23:14:32: premium unlocked
28.09.2017 23:14:32: ->prepare_app_after_start finished task!
28.09.2017 23:14:32: checking premium with server
28.09.2017 23:14:32: IP SET
28.09.2017 23:14:32: premium unlocked
28.09.2017 23:20:20: local premium valid, unlocking
28.09.2017 23:20:20: premium unlocked
28.09.2017 23:20:20: ->prepare_app_after_start finished task!
28.09.2017 23:20:20: checking premium with server
28.09.2017 23:20:20: IP SET
28.09.2017 23:20:21: ---server start---
28.09.2017 23:20:21: d:\program files (x86)\steam\steamapps\common\7 Days To Die\7DaysToDie.exe-quit -batchmode -nographics -configfile=serverconfig.xml -dedicated
28.09.2017 23:20:21: ---locking ctrl---
28.09.2017 23:20:21: ---DONE!---
28.09.2017 23:20:59: ---starting telnet_connection---
28.09.2017 23:21:00: ---starting spamer---
28.09.2017 23:22:26: ---locking ctrl---
28.09.2017 23:22:26: FAILED to start telnet_connection worker!
28.09.2017 23:22:26: Error while starting auto_messages. (normal on telnet reboot)
28.09.2017 23:22:42: ---killing 7daystodie.exe---
28.09.2017 23:22:54: local premium valid, unlocking
28.09.2017 23:22:54: premium unlocked
28.09.2017 23:22:54: ->prepare_app_after_start finished task!
28.09.2017 23:22:54: checking premium with server
28.09.2017 23:22:54: IP SET
28.09.2017 23:22:57: ---saving config---
28.09.2017 23:23:02: ---server start---
28.09.2017 23:23:02: d:\program files (x86)\steam\steamapps\common\7 Days To Die\7DaysToDie.exe-quit -batchmode -nographics -configfile=serverconfig.xml -dedicated
28.09.2017 23:23:02: ---locking ctrl---
28.09.2017 23:23:02: ---DONE!---
28.09.2017 23:23:39: ---starting telnet_connection---
28.09.2017 23:23:41: ---starting spamer---
28.09.2017 23:31:24: local premium valid, unlocking
28.09.2017 23:31:24: premium unlocked
28.09.2017 23:31:24: ->prepare_app_after_start finished task!
28.09.2017 23:31:24: checking premium with server
28.09.2017 23:31:24: IP SET
28.09.2017 23:31:29: ---locking ctrl---
28.09.2017 23:31:29: ---starting spamer---
28.09.2017 23:31:35: ---killing 7daystodie.exe---
28.09.2017 23:37:22: local premium valid, unlocking
28.09.2017 23:37:22: premium unlocked
28.09.2017 23:37:22: ->prepare_app_after_start finished task!
28.09.2017 23:37:22: checking premium with server
28.09.2017 23:37:22: IP SET
28.09.2017 23:37:22: premium unlocked
28.09.2017 23:38:35: local premium valid, unlocking
28.09.2017 23:38:35: premium unlocked
28.09.2017 23:38:35: ->prepare_app_after_start finished task!
28.09.2017 23:38:35: checking premium with server
28.09.2017 23:38:35: IP SET
28.09.2017 23:38:35: premium unlocked
28.09.2017 23:39:30: local premium valid, unlocking
28.09.2017 23:39:30: premium unlocked
28.09.2017 23:39:30: ->prepare_app_after_start finished task!
28.09.2017 23:39:31: checking premium with server
28.09.2017 23:39:31: IP SET
28.09.2017 23:39:31: premium unlocked
28.09.2017 23:40:29: local premium valid, unlocking
28.09.2017 23:40:29: premium unlocked
28.09.2017 23:40:29: ->prepare_app_after_start finished task!
28.09.2017 23:40:29: checking premium with server
28.09.2017 23:40:29: IP SET
28.09.2017 23:40:29: premium unlocked
28.09.2017 23:40:49: local premium valid, unlocking
28.09.2017 23:40:49: premium unlocked
28.09.2017 23:40:49: ->prepare_app_after_start finished task!
28.09.2017 23:40:49: checking premium with server
28.09.2017 23:40:49: IP SET
28.09.2017 23:45:57: local premium valid, unlocking
28.09.2017 23:45:57: premium unlocked
28.09.2017 23:45:57: ->prepare_app_after_start finished task!
28.09.2017 23:45:57: checking premium with server
28.09.2017 23:45:57: IP SET
28.09.2017 23:47:28: local premium valid, unlocking
28.09.2017 23:47:28: premium unlocked
28.09.2017 23:47:28: ->prepare_app_after_start finished task!
28.09.2017 23:47:28: checking premium with server
28.09.2017 23:47:28: IP SET
28.09.2017 23:47:28: premium unlocked
28.09.2017 23:47:50: local premium valid, unlocking
28.09.2017 23:47:50: premium unlocked
28.09.2017 23:47:50: ->prepare_app_after_start finished task!
28.09.2017 23:47:50: checking premium with server
28.09.2017 23:47:50: IP SET
28.09.2017 23:47:50: premium unlocked
28.09.2017 23:56:39: local premium valid, unlocking
28.09.2017 23:56:39: premium unlocked
28.09.2017 23:56:39: ->prepare_app_after_start finished task!
28.09.2017 23:56:39: checking premium with server
28.09.2017 23:56:39: premium unlocked
29.09.2017 00:08:09: local premium valid, unlocking
29.09.2017 00:08:09: premium unlocked
29.09.2017 00:08:09: ->prepare_app_after_start finished task!
29.09.2017 00:08:09: checking premium with server
29.09.2017 00:08:09: premium unlocked
29.09.2017 00:08:15: ---server start---
29.09.2017 00:08:15: d:\program files (x86)\steam\steamapps\common\7 Days To Die\7DaysToDie.exe-quit -batchmode -nographics -configfile=serverconfig.xml -dedicated
29.09.2017 00:08:15: ---locking ctrl---
29.09.2017 00:08:15: ---DONE!---
29.09.2017 00:08:53: ---starting telnet_connection---
29.09.2017 00:08:54: ---starting spamer---
29.09.2017 00:09:36: REFRESH: True
29.09.2017 00:09:54: REFRESH: True
29.09.2017 00:10:12: REFRESH: True
29.09.2017 00:10:30: REFRESH: True
29.09.2017 00:10:48: REFRESH: True
29.09.2017 00:11:07: REFRESH: True
29.09.2017 00:11:25: REFRESH: True
29.09.2017 00:11:44: REFRESH: True
29.09.2017 00:11:53: LOGIN detected
29.09.2017 00:11:53: ADDED TO PL_LIST: pionner121, 76561198035573640
FULL: 2017-09-29T00:11:53 215.176 INF PlayerLogin: pionner121/Alpha 16.3
2017-09-29T00:11:53 215.176 INF Client IP: 127.0.0.1
2017-09-29T00:11:53 215.178 INF [Steamworks.NET] Auth.AuthenticateUser()
2017-09-29T00:11:53 215.199 INF [Steamworks.NET] Authenticating player: pionner121 SteamId: 76561198035573640 TicketLen: 1024 Result: k_EBeginAuthSessionResultOK

29.09.2017 00:12:02: REFRESH: True
29.09.2017 00:12:21: REFRESH: True
29.09.2017 00:12:39: REFRESH: True
29.09.2017 00:12:39: -> DISCONNECT: pionner121
29.09.2017 00:12:39: GTFO: pionner121
29.09.2017 00:12:54: LOGIN detected
29.09.2017 00:12:54: ADDED TO PL_LIST: pionner121, 76561198035573640
FULL: 2017-09-29T00:12:54 276.407 INF PlayerLogin: pionner121/Alpha 16.3
2017-09-29T00:12:54 276.408 INF Client IP: 127.0.0.1
2017-09-29T00:12:54 276.408 INF [Steamworks.NET] Auth.AuthenticateUser()
2017-09-29T00:12:54 276.408 INF [Steamworks.NET] Authenticating player: pionner121 SteamId: 76561198035573640 TicketLen: 1024 Result: k_EBeginAuthSessionResultOK

29.09.2017 00:12:58: REFRESH: True
29.09.2017 00:13:17: REFRESH: True
29.09.2017 00:13:35: REFRESH: True
29.09.2017 00:13:51: -> DISCONNECT: pionner121
29.09.2017 00:13:51: GTFO: pionner121
29.09.2017 00:13:51: -> DISCONNECT: -Player 'pionner121'-
29.09.2017 00:13:54: REFRESH: True
29.09.2017 00:14:12: REFRESH: True
29.09.2017 00:14:31: REFRESH: True
29.09.2017 00:14:49: REFRESH: True
29.09.2017 00:15:17: local premium valid, unlocking
29.09.2017 00:15:17: premium unlocked
29.09.2017 00:15:17: ->prepare_app_after_start finished task!
29.09.2017 00:15:17: checking premium with server
29.09.2017 00:15:18: IP SET
29.09.2017 00:15:18: premium unlocked
29.09.2017 00:15:43: checking premium with server
29.09.2017 00:15:43: premium locked
29.09.2017 00:16:15: checking premium with server
29.09.2017 00:16:15: premium unlocked
29.09.2017 00:16:15: premium unlocked
29.09.2017 00:20:25: local premium valid, unlocking
29.09.2017 00:20:25: premium unlocked
29.09.2017 00:20:25: ->prepare_app_after_start finished task!
29.09.2017 00:20:26: checking premium with server
29.09.2017 00:20:26: IP SET
29.09.2017 00:20:26: premium unlocked
29.09.2017 03:02:28: local premium valid, unlocking
29.09.2017 03:02:28: premium unlocked
29.09.2017 03:02:28: ->prepare_app_after_start finished task!
29.09.2017 03:02:28: checking premium with server
29.09.2017 03:02:29: premium unlocked
29.09.2017 03:03:42: local premium valid, unlocking
29.09.2017 03:03:42: premium unlocked
29.09.2017 03:03:42: ->prepare_app_after_start finished task!
29.09.2017 03:03:43: checking premium with server
29.09.2017 03:03:43: premium unlocked
29.09.2017 03:05:52: local premium valid, unlocking
29.09.2017 03:05:52: premium unlocked
29.09.2017 03:05:52: ->prepare_app_after_start finished task!
29.09.2017 03:05:52: checking premium with server
29.09.2017 03:05:52: IP SET
29.09.2017 03:05:52: premium unlocked
29.09.2017 03:07:15: local premium valid, unlocking
29.09.2017 03:07:15: premium unlocked
29.09.2017 03:07:15: ->prepare_app_after_start finished task!
29.09.2017 03:07:15: checking premium with server
29.09.2017 03:07:15: premium unlocked
29.09.2017 03:08:56: local premium valid, unlocking
29.09.2017 03:08:56: premium unlocked
29.09.2017 03:08:56: ->prepare_app_after_start finished task!
29.09.2017 03:08:56: checking premium with server
29.09.2017 03:08:56: IP SET
29.09.2017 03:08:56: premium unlocked
29.09.2017 03:11:34: local premium valid, unlocking
29.09.2017 03:11:34: premium unlocked
29.09.2017 03:11:34: ->prepare_app_after_start finished task!
29.09.2017 03:11:34: checking premium with server
29.09.2017 03:11:34: IP SET
29.09.2017 03:11:34: premium unlocked
29.09.2017 03:13:57: local premium valid, unlocking
29.09.2017 03:13:57: premium unlocked
29.09.2017 03:13:57: ->prepare_app_after_start finished task!
29.09.2017 03:13:57: checking premium with server
29.09.2017 03:13:57: IP SET
29.09.2017 03:13:57: premium unlocked
29.09.2017 03:13:58: ---server start---
29.09.2017 03:13:58: d:\program files (x86)\steam\steamapps\common\7 Days To Die\7DaysToDie.exe-quit -batchmode -nographics -configfile=serverconfig.xml -dedicated
29.09.2017 03:13:58: ---locking ctrl---
29.09.2017 03:13:58: ---DONE!---
29.09.2017 03:14:35: ---starting telnet_connection---
29.09.2017 03:14:36: ---starting spamer---
29.09.2017 03:15:19: REFRESH: True
29.09.2017 03:15:37: REFRESH: True
29.09.2017 03:15:55: REFRESH: True
29.09.2017 03:16:13: REFRESH: True
29.09.2017 03:16:31: REFRESH: True
29.09.2017 03:16:50: REFRESH: True
29.09.2017 03:17:08: REFRESH: False
29.09.2017 03:17:08: ---locking ctrl---
29.09.2017 03:17:19: REFRESH: True
29.09.2017 03:17:37: REFRESH: True
29.09.2017 03:17:56: REFRESH: True
29.09.2017 03:18:14: REFRESH: True
29.09.2017 03:18:32: REFRESH: True
29.09.2017 03:18:50: REFRESH: True
29.09.2017 03:19:08: REFRESH: True
29.09.2017 03:19:24: local premium valid, unlocking
29.09.2017 03:19:24: premium unlocked
29.09.2017 03:19:24: ->prepare_app_after_start finished task!
29.09.2017 03:19:24: checking premium with server
29.09.2017 03:19:24: IP SET
29.09.2017 03:19:24: premium unlocked
29.09.2017 03:19:39: ---killing 7daystodie.exe---
29.09.2017 03:21:19: local premium valid, unlocking
29.09.2017 03:21:19: premium unlocked
29.09.2017 03:21:19: ->prepare_app_after_start finished task!
29.09.2017 03:21:19: checking premium with server
29.09.2017 03:21:19: IP SET
29.09.2017 03:21:19: premium unlocked
29.09.2017 03:22:14: local premium valid, unlocking
29.09.2017 03:22:14: premium unlocked
29.09.2017 03:22:14: ->prepare_app_after_start finished task!
29.09.2017 03:22:14: checking premium with server
29.09.2017 03:22:14: IP SET
29.09.2017 03:22:14: premium unlocked
29.09.2017 03:22:40: local premium valid, unlocking
29.09.2017 03:22:40: premium unlocked
29.09.2017 03:22:40: ->prepare_app_after_start finished task!
29.09.2017 03:22:40: checking premium with server
29.09.2017 03:22:41: premium unlocked
29.09.2017 03:22:51: local premium valid, unlocking
29.09.2017 03:22:51: premium unlocked
29.09.2017 03:22:51: ->prepare_app_after_start finished task!
29.09.2017 03:22:51: checking premium with server
29.09.2017 03:22:51: IP SET
29.09.2017 03:22:51: premium unlocked
29.09.2017 03:23:53: local premium valid, unlocking
29.09.2017 03:23:53: premium unlocked
29.09.2017 03:23:53: ->prepare_app_after_start finished task!
29.09.2017 03:23:53: checking premium with server
29.09.2017 03:23:54: IP SET
29.09.2017 03:23:54: premium unlocked
29.09.2017 03:24:38: local premium valid, unlocking
29.09.2017 03:24:38: premium unlocked
29.09.2017 03:24:38: ->prepare_app_after_start finished task!
29.09.2017 03:24:38: checking premium with server
29.09.2017 03:24:38: IP SET
29.09.2017 03:24:38: premium unlocked
29.09.2017 03:25:32: local premium valid, unlocking
29.09.2017 03:25:32: premium unlocked
29.09.2017 03:25:32: ->prepare_app_after_start finished task!
29.09.2017 03:25:32: checking premium with server
29.09.2017 03:25:32: IP SET
29.09.2017 03:25:50: local premium valid, unlocking
29.09.2017 03:25:50: premium unlocked
29.09.2017 03:25:50: ->prepare_app_after_start finished task!
29.09.2017 03:25:50: checking premium with server
29.09.2017 03:25:50: IP SET
29.09.2017 03:25:50: premium unlocked
29.09.2017 03:26:42: local premium valid, unlocking
29.09.2017 03:26:42: premium unlocked
29.09.2017 03:26:42: ->prepare_app_after_start finished task!
29.09.2017 03:26:42: checking premium with server
29.09.2017 03:26:42: IP SET
29.09.2017 03:26:42: premium unlocked
29.09.2017 03:30:58: local premium valid, unlocking
29.09.2017 03:30:58: premium unlocked
29.09.2017 03:30:58: ->prepare_app_after_start finished task!
29.09.2017 03:30:58: checking premium with server
29.09.2017 03:30:58: IP SET
29.09.2017 03:30:58: premium unlocked
29.09.2017 03:50:25: local premium valid, unlocking
29.09.2017 03:50:25: premium unlocked
29.09.2017 03:50:25: ->prepare_app_after_start finished task!
29.09.2017 03:50:25: checking premium with server
29.09.2017 03:50:25: IP SET
29.09.2017 22:42:03: local premium valid, unlocking
29.09.2017 22:42:03: premium unlocked
29.09.2017 22:42:04: ->prepare_app_after_start finished task!
29.09.2017 22:42:04: checking premium with server
29.09.2017 22:42:04: premium unlocked
29.09.2017 22:44:46: local premium valid, unlocking
29.09.2017 22:44:46: premium unlocked
29.09.2017 22:44:46: ->prepare_app_after_start finished task!
29.09.2017 22:44:46: checking premium with server
29.09.2017 22:44:46: IP SET
29.09.2017 22:44:46: premium unlocked
29.09.2017 23:57:35: local premium valid, unlocking
29.09.2017 23:57:35: premium unlocked
29.09.2017 23:57:35: ->prepare_app_after_start finished task!
29.09.2017 23:57:35: checking premium with server
29.09.2017 23:57:35: premium unlocked
29.09.2017 23:57:47: ---killing 7daystodie.exe---
30.09.2017 00:15:37: local premium valid, unlocking
30.09.2017 00:15:37: premium unlocked
30.09.2017 00:15:37: ->prepare_app_after_start finished task!
30.09.2017 00:15:37: checking premium with server
30.09.2017 00:15:37: premium unlocked
30.09.2017 00:15:45: local premium valid, unlocking
30.09.2017 00:15:45: premium unlocked
30.09.2017 00:15:45: ->prepare_app_after_start finished task!
30.09.2017 00:15:45: checking premium with server
30.09.2017 00:15:46: IP SET
30.09.2017 00:16:47: local premium valid, unlocking
30.09.2017 00:16:47: premium unlocked
30.09.2017 00:16:47: ->prepare_app_after_start finished task!
30.09.2017 00:16:47: checking premium with server
30.09.2017 00:16:47: IP SET
30.09.2017 00:16:47: premium unlocked
30.09.2017 00:17:01: local premium valid, unlocking
30.09.2017 00:17:01: premium unlocked
30.09.2017 00:17:01: ->prepare_app_after_start finished task!
30.09.2017 00:17:02: checking premium with server
30.09.2017 00:17:02: IP SET
30.09.2017 00:17:19: local premium valid, unlocking
30.09.2017 00:17:19: premium unlocked
30.09.2017 00:17:19: ->prepare_app_after_start finished task!
30.09.2017 00:17:19: checking premium with server
30.09.2017 00:17:19: IP SET
30.09.2017 00:17:19: premium unlocked
30.09.2017 00:26:49: local premium valid, unlocking
30.09.2017 00:26:49: premium unlocked
30.09.2017 00:26:49: ->prepare_app_after_start finished task!
30.09.2017 00:26:49: checking premium with server
30.09.2017 00:26:49: IP SET
30.09.2017 00:26:49: premium unlocked
30.09.2017 00:26:50: ---server start---
30.09.2017 00:26:50: d:\program files (x86)\steam\steamapps\common\7 Days To Die\7DaysToDie.exe-quit -batchmode -nographics -configfile=serverconfig.xml -dedicated
30.09.2017 00:26:51: ---locking ctrl---
30.09.2017 00:26:51: ---DONE!---
30.09.2017 00:27:29: ---starting telnet_connection---
30.09.2017 00:27:30: ---starting spamer---
30.09.2017 00:28:12: REFRESH: True
30.09.2017 00:28:30: REFRESH: True
30.09.2017 00:28:48: REFRESH: True
30.09.2017 00:29:06: REFRESH: True
30.09.2017 00:29:25: REFRESH: True
30.09.2017 00:29:43: REFRESH: True
30.09.2017 00:30:01: REFRESH: True
30.09.2017 00:30:20: REFRESH: False
30.09.2017 00:30:21: ---locking ctrl---
30.09.2017 00:30:32: REFRESH: True
30.09.2017 00:30:50: REFRESH: True
30.09.2017 00:31:08: REFRESH: True
30.09.2017 00:31:27: REFRESH: True
30.09.2017 00:31:45: REFRESH: True
30.09.2017 00:31:57: LOGIN detected
30.09.2017 00:31:57: ADDED TO PL_LIST: pionner121, 76561198035573640
FULL: 2017-09-30T00:31:57 302.576 INF PlayerLogin: pionner121/Alpha 16.3
2017-09-30T00:31:57 302.577 INF Client IP: 127.0.0.1
2017-09-30T00:31:57 302.579 INF [Steamworks.NET] Auth.AuthenticateUser()
2017-09-30T00:31:57 302.641 INF [Steamworks.NET] Authenticating player: pionner121 SteamId: 76561198035573640 TicketLen: 1024 Result: k_EBeginAuthSessionResultOK

30.09.2017 00:32:01: ---changing dir---
30.09.2017 00:32:04: REFRESH: True
30.09.2017 00:32:22: REFRESH: True
30.09.2017 00:32:38: ->Checking if command: /whoami
30.09.2017 00:32:38: 38 344.210 INF Chat: 'pionner121':/whoami
30.09.2017 00:32:38: CC: 38 344.210 INF Chat: 'pionner121':/whoami
30.09.2017 00:32:38: Here I am.
30.09.2017 00:32:38: -> CC detected
30.09.2017 00:32:41: REFRESH: True
30.09.2017 00:32:54: ->Checking if command: /whoami
30.09.2017 00:32:54: 53 359.451 INF Chat: 'pionner121':/whoami
30.09.2017 00:32:54: CC: 53 359.451 INF Chat: 'pionner121':/whoami
30.09.2017 00:32:54: Here I am.
30.09.2017 00:32:54: -> CC detected
30.09.2017 00:32:59: REFRESH: True
30.09.2017 00:33:00: -> DISCONNECT: pionner121
30.09.2017 00:33:00: GTFO: pionner121
30.09.2017 00:33:00: -> DISCONNECT: -Player 'pionner121'-
30.09.2017 00:33:18: REFRESH: True
30.09.2017 00:33:36: REFRESH: True
30.09.2017 00:33:54: REFRESH: True
30.09.2017 00:34:12: REFRESH: True
30.09.2017 00:34:30: REFRESH: True
30.09.2017 00:34:49: REFRESH: True
30.09.2017 00:35:07: REFRESH: True
30.09.2017 00:35:25: REFRESH: True
30.09.2017 00:35:43: REFRESH: True
30.09.2017 00:36:01: REFRESH: True
30.09.2017 00:36:19: REFRESH: True
30.09.2017 00:36:38: REFRESH: True
30.09.2017 00:36:50: LOGIN detected
30.09.2017 00:36:50: ADDED TO PL_LIST: pionner121, 76561198035573640
FULL: 2017-09-30T00:36:50 596.195 INF PlayerLogin: pionner121/Alpha 16.3
2017-09-30T00:36:50 596.195 INF Client IP: 127.0.0.1
2017-09-30T00:36:50 596.195 INF [Steamworks.NET] Auth.AuthenticateUser()
2017-09-30T00:36:50 596.281 INF [Steamworks.NET] Authenticating player: pionner121 SteamId: 76561198035573640 TicketLen: 1024 Result: k_EBeginAuthSessionResultOK

30.09.2017 00:36:57: REFRESH: True
30.09.2017 00:37:15: REFRESH: True
30.09.2017 00:37:23: ->Checking if command: /whoami
30.09.2017 00:37:23: 22 628.405 INF Chat: 'pionner121':/whoami
30.09.2017 00:37:23: CC: 22 628.405 INF Chat: 'pionner121':/whoami
30.09.2017 00:37:23: Here I am.
30.09.2017 00:37:23: -> CC detected
30.09.2017 00:37:34: REFRESH: True
30.09.2017 00:37:52: REFRESH: True
30.09.2017 00:38:10: REFRESH: True
30.09.2017 00:38:17: ->Checking if command: /msg
30.09.2017 00:38:17: 17 682.797 INF Chat: 'pionner121':/msg
30.09.2017 00:38:17: CC: 17 682.797 INF Chat: 'pionner121':/msg
30.09.2017 00:38:17: Here I am.
30.09.2017 00:38:17: -> CC detected
30.09.2017 00:38:29: REFRESH: True
30.09.2017 00:38:47: REFRESH: True
30.09.2017 00:39:05: REFRESH: True
30.09.2017 00:39:24: REFRESH: True
30.09.2017 00:39:36: -> DISCONNECT: pionner121
30.09.2017 00:39:36: GTFO: pionner121
30.09.2017 00:39:36: -> DISCONNECT: -Player 'pionner121'-
30.09.2017 00:39:42: REFRESH: True
30.09.2017 00:41:30: local premium valid, unlocking
30.09.2017 00:41:30: premium unlocked
30.09.2017 00:41:30: ->prepare_app_after_start finished task!
30.09.2017 00:41:30: checking premium with server
30.09.2017 00:41:30: IP SET
30.09.2017 00:45:31: local premium valid, unlocking
30.09.2017 00:45:31: premium unlocked
30.09.2017 00:45:31: ->prepare_app_after_start finished task!
30.09.2017 00:45:31: checking premium with server
30.09.2017 00:45:31: IP SET
30.09.2017 00:45:31: premium unlocked
30.09.2017 00:45:34: ---killing 7daystodie.exe---
30.09.2017 01:50:56: local premium valid, unlocking
30.09.2017 01:50:56: premium unlocked
30.09.2017 01:50:56: ->prepare_app_after_start finished task!
30.09.2017 01:50:56: checking premium with server
30.09.2017 01:50:56: premium unlocked
30.09.2017 01:53:40: local premium valid, unlocking
30.09.2017 01:53:40: premium unlocked
30.09.2017 01:53:40: ->prepare_app_after_start finished task!
30.09.2017 01:53:40: checking premium with server
30.09.2017 01:53:40: IP SET
30.09.2017 01:53:40: premium unlocked
30.09.2017 01:54:49: local premium valid, unlocking
30.09.2017 01:54:49: premium unlocked
30.09.2017 01:54:49: ->prepare_app_after_start finished task!
30.09.2017 01:54:49: checking premium with server
30.09.2017 01:54:49: IP SET
30.09.2017 01:54:49: premium unlocked
30.09.2017 01:55:57: local premium valid, unlocking
30.09.2017 01:55:57: premium unlocked
30.09.2017 01:55:57: ->prepare_app_after_start finished task!
30.09.2017 01:55:57: checking premium with server
30.09.2017 01:55:57: IP SET
30.09.2017 01:55:57: premium unlocked
30.09.2017 01:57:58: local premium valid, unlocking
30.09.2017 01:57:58: premium unlocked
30.09.2017 01:57:58: ->prepare_app_after_start finished task!
30.09.2017 01:57:58: checking premium with server
30.09.2017 01:57:58: IP SET
30.09.2017 01:57:58: premium unlocked
30.09.2017 02:00:50: local premium valid, unlocking
30.09.2017 02:00:50: premium unlocked
30.09.2017 02:00:50: ->prepare_app_after_start finished task!
30.09.2017 02:00:50: checking premium with server
30.09.2017 02:00:50: IP SET
30.09.2017 02:00:50: premium unlocked
30.09.2017 02:04:09: local premium valid, unlocking
30.09.2017 02:04:09: premium unlocked
30.09.2017 02:04:09: ->prepare_app_after_start finished task!
30.09.2017 02:04:09: checking premium with server
30.09.2017 02:04:09: IP SET
30.09.2017 02:04:59: local premium valid, unlocking
30.09.2017 02:04:59: premium unlocked
30.09.2017 02:04:59: ->prepare_app_after_start finished task!
30.09.2017 02:04:59: checking premium with server
30.09.2017 02:04:59: IP SET
30.09.2017 02:05:00: premium unlocked
30.09.2017 02:06:50: local premium valid, unlocking
30.09.2017 02:06:50: premium unlocked
30.09.2017 02:06:50: ->prepare_app_after_start finished task!
30.09.2017 02:06:50: checking premium with server
30.09.2017 02:06:50: IP SET
30.09.2017 02:06:50: premium unlocked
30.09.2017 02:08:40: local premium valid, unlocking
30.09.2017 02:08:40: premium unlocked
30.09.2017 02:08:40: ->prepare_app_after_start finished task!
30.09.2017 02:08:40: checking premium with server
30.09.2017 02:08:40: IP SET
30.09.2017 02:08:40: premium unlocked
30.09.2017 02:08:59: local premium valid, unlocking
30.09.2017 02:08:59: premium unlocked
30.09.2017 02:08:59: ->prepare_app_after_start finished task!
30.09.2017 02:08:59: checking premium with server
30.09.2017 02:08:59: IP SET
30.09.2017 02:10:48: local premium valid, unlocking
30.09.2017 02:10:48: premium unlocked
30.09.2017 02:10:48: ->prepare_app_after_start finished task!
30.09.2017 02:10:48: checking premium with server
30.09.2017 02:10:48: IP SET
30.09.2017 02:10:48: premium unlocked
30.09.2017 02:12:27: ---server start---
30.09.2017 02:12:27: d:\program files (x86)\steam\steamapps\common\7 Days To Die\7DaysToDie.exe-quit -batchmode -nographics -configfile=serverconfig.xml -dedicated
30.09.2017 02:12:27: ---locking ctrl---
30.09.2017 02:12:27: ---DONE!---
30.09.2017 02:13:05: ---starting telnet_connection---
30.09.2017 02:13:06: ---starting spamer---
30.09.2017 02:13:17: ---killing 7daystodie.exe---
30.09.2017 02:15:18: local premium valid, unlocking
30.09.2017 02:15:18: premium unlocked
30.09.2017 02:15:18: ->prepare_app_after_start finished task!
30.09.2017 02:15:18: checking premium with server
30.09.2017 02:15:19: IP SET
30.09.2017 02:15:19: premium unlocked
30.09.2017 02:16:20: local premium valid, unlocking
30.09.2017 02:16:20: premium unlocked
30.09.2017 02:16:20: ->prepare_app_after_start finished task!
30.09.2017 02:16:20: checking premium with server
30.09.2017 02:16:21: IP SET
30.09.2017 02:19:18: local premium valid, unlocking
30.09.2017 02:19:18: premium unlocked
30.09.2017 02:19:18: ->prepare_app_after_start finished task!
30.09.2017 02:19:18: checking premium with server
30.09.2017 02:19:18: IP SET
30.09.2017 02:22:19: local premium valid, unlocking
30.09.2017 02:22:19: premium unlocked
30.09.2017 02:22:19: ->prepare_app_after_start finished task!
30.09.2017 02:22:19: checking premium with server
30.09.2017 02:22:19: IP SET
30.09.2017 02:22:19: premium unlocked
30.09.2017 02:22:49: local premium valid, unlocking
30.09.2017 02:22:49: premium unlocked
30.09.2017 02:22:49: ->prepare_app_after_start finished task!
30.09.2017 02:22:49: checking premium with server
30.09.2017 02:22:49: IP SET
30.09.2017 02:22:49: premium unlocked
19.10.2017 16:45:18: local premium valid, unlocking
19.10.2017 16:45:18: premium unlocked
19.10.2017 16:45:18: ->prepare_app_after_start finished task!
19.10.2017 16:45:18: checking premium with server
19.10.2017 16:45:18: IP SET
19.10.2017 16:45:28: ---saving config---
22.10.2017 21:36:22: local premium valid, unlocking
22.10.2017 21:36:22: premium unlocked
22.10.2017 21:36:22: ->prepare_app_after_start finished task!
22.10.2017 21:36:22: checking premium with server
22.10.2017 21:36:22: IP SET
29.10.2017 22:13:36: local premium valid, unlocking
29.10.2017 22:13:36: premium unlocked
29.10.2017 22:13:36: ->prepare_app_after_start finished task!
29.10.2017 22:13:36: checking premium with server
29.10.2017 22:13:36: premium unlocked
29.10.2017 22:13:36: IP SET
09.11.2017 17:38:01: local premium valid, unlocking
09.11.2017 17:38:01: premium unlocked
09.11.2017 17:38:01: ->prepare_app_after_start finished task!
09.11.2017 17:38:01: checking premium with server
09.11.2017 17:38:22: IP SET
09.11.2017 17:38:43: premium locked
20.11.2017 15:48:21: ->prepare_app_after_start finished task!
20.11.2017 15:48:21: checking premium with server
20.11.2017 15:48:22: premium unlocked
20.11.2017 15:49:06: local premium valid, unlocking
20.11.2017 15:49:06: premium unlocked
20.11.2017 15:49:06: ->prepare_app_after_start finished task!
20.11.2017 15:49:06: checking premium with server
20.11.2017 15:49:07: premium unlocked
20.11.2017 15:49:35: local premium valid, unlocking
20.11.2017 15:49:35: premium unlocked
20.11.2017 15:49:35: ->prepare_app_after_start finished task!
20.11.2017 15:49:35: checking premium with server
20.11.2017 15:49:35: premium unlocked
20.11.2017 15:54:25: local premium valid, unlocking
20.11.2017 15:54:25: premium unlocked
20.11.2017 15:54:25: ->prepare_app_after_start finished task!
20.11.2017 15:54:25: checking premium with server
20.11.2017 15:54:25: premium unlocked
20.11.2017 15:54:28: netsh http delete urlacl url=http://+:17011/widget/

20.11.2017 15:54:28: netsh http delete urlacl url=http://+:17011/widget/M5G1v/

20.11.2017 15:54:28: netsh http delete urlacl url=http://+:80/

20.11.2017 15:54:28: netsh http delete urlacl url=http://+:80/rules/

20.11.2017 15:54:28: netsh http delete urlacl url=http://+:80/shop/

20.11.2017 15:54:28: netsh http add urlacl url=http://+:17011/widget/ user=MAIN\pionner

20.11.2017 15:54:28: netsh http add urlacl url=http://+:17011/widget/M5G1v/ user=MAIN\pionner

20.11.2017 15:54:28: netsh http add urlacl url=http://+:80/ user=MAIN\pionner

20.11.2017 15:54:28: netsh http add urlacl url=http://+:80/rules/ user=MAIN\pionner

20.11.2017 15:54:28: netsh http add urlacl url=http://+:80/shop/ user=MAIN\pionner

20.11.2017 15:55:16: netsh http delete urlacl url=http://+:17011/widget/ & netsh http delete urlacl url=http://+:17011/widget/M5G1v/ & netsh http delete urlacl url=http://+:80/ & netsh http delete urlacl url=http://+:80/rules/ & netsh http delete urlacl url=http://+:80/shop/ & netsh http add urlacl url=http://+:17011/widget/ user=MAIN\pionner & netsh http add urlacl url=http://+:17011/widget/M5G1v/ user=MAIN\pionner & netsh http add urlacl url=http://+:80/ user=MAIN\pionner & netsh http add urlacl url=http://+:80/rules/ user=MAIN\pionner & netsh http add urlacl url=http://+:80/shop/ user=MAIN\pionner  & netsh advfirewall firewall add rule name="Open Port 80 (7DSM WebServer)" dir=in action=allow protocol=TCP localport=80 & netsh advfirewall firewall add rule name="Open Port 17011 (7DSM Widget Server)" dir=in action=allow protocol=TCP localport=17011
25.11.2017 18:18:04: local premium valid, unlocking
25.11.2017 18:18:04: premium unlocked
25.11.2017 18:18:04: ->prepare_app_after_start finished task!
25.11.2017 18:18:04: checking premium with server
25.11.2017 18:18:04: premium unlocked
25.11.2017 18:27:12: local premium valid, unlocking
25.11.2017 18:27:12: premium unlocked
25.11.2017 18:27:12: ->prepare_app_after_start finished task!
25.11.2017 18:27:12: checking premium with server
25.11.2017 18:27:12: IP SET
26.11.2017 03:28:09: local premium valid, unlocking
26.11.2017 03:28:09: premium unlocked
26.11.2017 03:28:09: ->prepare_app_after_start finished task!
26.11.2017 03:28:09: checking premium with server
26.11.2017 03:28:10: premium unlocked
18.01.2018 20:02:53: local premium valid, unlocking
18.01.2018 20:02:53: premium unlocked
18.01.2018 20:02:53: ->prepare_app_after_start finished task!
18.01.2018 20:02:53: checking premium with server
18.01.2018 20:02:53: IP SET
29.01.2018 01:13:03: local premium valid, unlocking
29.01.2018 01:13:03: premium unlocked
29.01.2018 01:13:03: ->prepare_app_after_start finished task!
29.01.2018 01:13:03: checking premium with server
29.01.2018 01:13:04: premium unlocked
29.01.2018 01:13:33: ---server start---
29.01.2018 01:13:33: d:\program files (x86)\steam\steamapps\common\7 Days To Die\7DaysToDie.exe-quit -batchmode -nographics -configfile=serverconfig.xml -dedicated
29.01.2018 01:13:33: ---locking ctrl---
29.01.2018 01:13:33: ---DONE!---
29.01.2018 01:14:11: ---starting telnet_connection---
29.01.2018 01:14:12: ---starting spamer---
29.01.2018 01:14:54: REFRESH: True
29.01.2018 01:15:13: REFRESH: True
29.01.2018 01:15:31: REFRESH: True
29.01.2018 01:15:49: REFRESH: True
29.01.2018 01:16:07: REFRESH: True
29.01.2018 01:16:25: REFRESH: True
29.01.2018 01:16:43: REFRESH: False
29.01.2018 01:16:44: ---locking ctrl---
29.01.2018 01:16:56: REFRESH: True
29.01.2018 01:17:14: REFRESH: True
29.01.2018 01:17:32: REFRESH: True
29.01.2018 01:17:48: LOGIN detected
29.01.2018 01:17:48: ADDED TO PL_LIST: pionner121, 76561198035573640
FULL: 2018-01-29T01:17:48 252.628 INF PlayerLogin: pionner121/Alpha 16.4
2018-01-29T01:17:48 252.630 INF Client IP: 127.0.0.1
2018-01-29T01:17:48 252.635 INF [Steamworks.NET] Auth.AuthenticateUser()
2018-01-29T01:17:48 252.667 INF [Steamworks.NET] Authenticating player: pionner121 SteamId: 76561198035573640 TicketLen: 1024 Result: k_EBeginAuthSessionResultOK

29.01.2018 01:17:51: REFRESH: True
29.01.2018 01:18:09: REFRESH: True
29.01.2018 01:18:27: REFRESH: True
29.01.2018 01:18:46: REFRESH: True
29.01.2018 01:19:04: REFRESH: True
29.01.2018 01:19:18: ---killing 7daystodie.exe---
29.01.2018 01:19:20: TELNET TERMINATED!!!
29.01.2018 01:22:46: local premium valid, unlocking
29.01.2018 01:22:46: premium unlocked
29.01.2018 01:22:46: ->prepare_app_after_start finished task!
29.01.2018 01:22:46: checking premium with server
29.01.2018 01:22:46: IP SET
29.01.2018 01:22:46: premium unlocked
29.01.2018 01:23:40: ---server start---
29.01.2018 01:23:40: d:\program files (x86)\steam\steamapps\common\7 Days To Die\7DaysToDie.exe-quit -batchmode -nographics -configfile=serverconfig.xml -dedicated
29.01.2018 01:23:40: ---locking ctrl---
29.01.2018 01:23:41: ---DONE!---
29.01.2018 01:24:19: ---starting telnet_connection---
29.01.2018 01:24:22: ---starting spamer---
29.01.2018 01:24:22: SQL_EXPORTER: init
29.01.2018 01:24:23: SQL_EXPORTER: ready
29.01.2018 01:24:23: SQL_EXPORTER: loop
29.01.2018 01:25:02: REFRESH: True
29.01.2018 01:25:20: REFRESH: True
29.01.2018 01:25:38: REFRESH: True
29.01.2018 01:25:56: REFRESH: True
29.01.2018 01:26:14: REFRESH: True
29.01.2018 01:26:27: ---killing 7daystodie.exe---
29.01.2018 01:28:56: local premium valid, unlocking
29.01.2018 01:28:56: premium unlocked
29.01.2018 01:28:56: ->prepare_app_after_start finished task!
29.01.2018 01:28:56: checking premium with server
29.01.2018 01:28:56: premium unlocked
29.01.2018 01:29:18: ---server start---
29.01.2018 01:29:18: d:\program files (x86)\steam\steamapps\common\7 Days To Die\7DaysToDie.exe-quit -batchmode -nographics -configfile=serverconfig.xml -dedicated
29.01.2018 01:29:18: ---locking ctrl---
29.01.2018 01:29:18: ---DONE!---
29.01.2018 01:29:57: ---starting telnet_connection---
29.01.2018 01:30:00: ---starting spamer---
29.01.2018 01:30:01: SQL_EXPORTER: init
29.01.2018 01:30:01: SQL_EXPORTER: ready
29.01.2018 01:30:01: SQL_EXPORTER: loop
29.01.2018 01:30:09: REFRESH: True
29.01.2018 01:30:27: REFRESH: True
29.01.2018 01:30:45: REFRESH: True
29.01.2018 01:31:03: SQL_EXPORTER: loop
29.01.2018 01:31:03: REFRESH: True
29.01.2018 01:31:21: REFRESH: True
29.01.2018 01:31:40: REFRESH: True
29.01.2018 01:31:58: REFRESH: True
29.01.2018 01:32:05: SQL_EXPORTER: loop
29.01.2018 01:32:16: REFRESH: True
29.01.2018 01:32:34: REFRESH: True
29.01.2018 01:32:52: REFRESH: True
29.01.2018 01:33:07: SQL_EXPORTER: loop
29.01.2018 01:33:11: REFRESH: True
29.01.2018 01:33:29: REFRESH: True
29.01.2018 01:33:47: REFRESH: True
29.01.2018 01:33:59: local premium valid, unlocking
29.01.2018 01:33:59: premium unlocked
29.01.2018 01:33:59: ->prepare_app_after_start finished task!
29.01.2018 01:33:59: checking premium with server
29.01.2018 01:33:59: IP SET
29.01.2018 01:33:59: premium unlocked
29.01.2018 01:34:01: ---killing 7daystodie.exe---
29.01.2018 01:34:09: local premium valid, unlocking
29.01.2018 01:34:09: premium unlocked
29.01.2018 01:34:09: ->prepare_app_after_start finished task!
29.01.2018 01:34:09: checking premium with server
29.01.2018 01:34:09: IP SET
29.01.2018 01:34:09: premium unlocked
29.01.2018 01:34:11: ---server start---
29.01.2018 01:34:11: d:\program files (x86)\steam\steamapps\common\7 Days To Die\7DaysToDie.exe-quit -batchmode -nographics -configfile=serverconfig.xml -dedicated
29.01.2018 01:34:11: ---locking ctrl---
29.01.2018 01:34:11: ---DONE!---
29.01.2018 01:34:51: ---starting telnet_connection---
29.01.2018 01:34:54: ---starting spamer---
29.01.2018 01:34:54: SQL_EXPORTER: init
29.01.2018 01:34:54: SQL_EXPORTER: ready
29.01.2018 01:34:54: SQL_EXPORTER: loop
29.01.2018 01:35:02: REFRESH: True
29.01.2018 01:35:20: REFRESH: True
29.01.2018 01:35:38: REFRESH: True
29.01.2018 01:35:53: ---killing 7daystodie.exe---
29.01.2018 01:37:51: local premium valid, unlocking
29.01.2018 01:37:51: premium unlocked
29.01.2018 01:37:51: ->prepare_app_after_start finished task!
29.01.2018 01:37:51: checking premium with server
29.01.2018 01:37:51: IP SET
29.01.2018 01:37:53: ---server start---
29.01.2018 01:37:53: d:\program files (x86)\steam\steamapps\common\7 Days To Die\7DaysToDie.exe-quit -batchmode -nographics -configfile=serverconfig.xml -dedicated
29.01.2018 01:37:53: ---locking ctrl---
29.01.2018 01:37:53: ---DONE!---
29.01.2018 01:38:31: ---starting telnet_connection---
29.01.2018 01:38:34: ---starting spamer---
29.01.2018 01:38:35: SQL_EXPORTER: init
29.01.2018 01:38:35: SQL_EXPORTER: ready
29.01.2018 01:38:35: SQL_EXPORTER: loop
29.01.2018 01:38:36: ->wejcie w ptl
29.01.2018 01:38:43: REFRESH: True
29.01.2018 01:39:01: REFRESH: True
29.01.2018 01:39:19: REFRESH: True
29.01.2018 01:39:51: local premium valid, unlocking
29.01.2018 01:39:51: premium unlocked
29.01.2018 01:39:51: ->prepare_app_after_start finished task!
29.01.2018 01:39:51: checking premium with server
29.01.2018 01:39:51: IP SET
29.01.2018 01:39:51: premium unlocked
29.01.2018 01:39:53: ---killing 7daystodie.exe---
29.01.2018 01:39:54: ---server start---
29.01.2018 01:39:54: d:\program files (x86)\steam\steamapps\common\7 Days To Die\7DaysToDie.exe-quit -batchmode -nographics -configfile=serverconfig.xml -dedicated
29.01.2018 01:39:55: ---locking ctrl---
29.01.2018 01:39:55: ---DONE!---
29.01.2018 01:40:33: ---starting telnet_connection---
29.01.2018 01:40:37: ---starting spamer---
29.01.2018 01:40:37: SQL_EXPORTER: init
29.01.2018 01:40:37: SQL_EXPORTER: ready
29.01.2018 01:40:37: SQL_EXPORTER: loop
29.01.2018 01:40:38: ->wejcie w ptl
29.01.2018 01:40:38: linia: 
29.01.2018 01:40:45: REFRESH: True
29.01.2018 01:41:03: REFRESH: True
29.01.2018 01:41:21: REFRESH: True
29.01.2018 01:41:39: SQL_EXPORTER: loop
29.01.2018 01:41:39: REFRESH: True
29.01.2018 01:41:40: ->wejcie w ptl
29.01.2018 01:41:40: linia: 
29.01.2018 01:41:57: REFRESH: True
29.01.2018 01:42:15: REFRESH: True
29.01.2018 01:42:34: REFRESH: True
29.01.2018 01:42:41: SQL_EXPORTER: loop
29.01.2018 01:42:42: ->wejcie w ptl
29.01.2018 01:42:42: linia: 
29.01.2018 01:42:52: REFRESH: True
29.01.2018 01:43:10: REFRESH: True
29.01.2018 01:43:28: REFRESH: True
29.01.2018 01:43:43: SQL_EXPORTER: loop
29.01.2018 01:43:44: ->wejcie w ptl
29.01.2018 01:43:44: linia: 
29.01.2018 01:43:47: REFRESH: True
29.01.2018 01:44:05: REFRESH: True
29.01.2018 01:44:23: REFRESH: True
29.01.2018 01:44:41: REFRESH: True
29.01.2018 01:44:45: SQL_EXPORTER: loop
29.01.2018 01:44:46: ->wejcie w ptl
29.01.2018 01:44:46: linia: 
29.01.2018 01:44:59: REFRESH: True
29.01.2018 01:46:43: local premium valid, unlocking
29.01.2018 01:46:43: premium unlocked
29.01.2018 01:46:43: ->prepare_app_after_start finished task!
29.01.2018 01:46:43: checking premium with server
29.01.2018 01:46:43: IP SET
29.01.2018 01:46:43: premium unlocked
29.01.2018 01:46:44: ---server start---
29.01.2018 01:46:44: d:\program files (x86)\steam\steamapps\common\7 Days To Die\7DaysToDie.exe-quit -batchmode -nographics -configfile=serverconfig.xml -dedicated
29.01.2018 01:46:44: ---locking ctrl---
29.01.2018 01:46:44: ---DONE!---
29.01.2018 01:47:22: ---starting telnet_connection---
29.01.2018 01:47:26: ---starting spamer---
29.01.2018 01:47:26: SQL_EXPORTER: init
29.01.2018 01:47:26: SQL_EXPORTER: ready
29.01.2018 01:47:26: SQL_EXPORTER: loop
29.01.2018 01:47:27: ->wejcie w ptl
29.01.2018 01:47:27: linia: 2018-01-29T01:47:26 448.949 INF Executing command 'lp' by Telnet from 127.0.0.1:47480
29.01.2018 01:47:27: ->wejcie w ptl
29.01.2018 01:47:27: linia: 
Total of 0 in the game
29.01.2018 01:47:27: ->znalazem total of
29.01.2018 01:47:27: ->try 1
29.01.2018 01:47:27: ->try 2
29.01.2018 01:47:27: SQL ITEM: players: 
Total of 0 in the game
29.01.2018 01:47:27: ->try 3
29.01.2018 01:47:27: ->try 4
29.01.2018 01:47:27: ->wejcie w ptl
29.01.2018 01:47:27: linia: 

29.01.2018 01:47:34: REFRESH: True
29.01.2018 01:47:52: REFRESH: True
29.01.2018 01:48:10: REFRESH: True
29.01.2018 01:48:28: SQL_EXPORTER: loop
29.01.2018 01:48:29: ->wejcie w ptl
29.01.2018 01:48:29: linia: 2018-01-29T01:47:26 448.949 INF Executing command 'lp' by Telnet from 127.0.0.1:47480
29.01.2018 01:48:29: ->wejcie w ptl
29.01.2018 01:48:29: linia: 
Total of 0 in the game
29.01.2018 01:48:29: ->znalazem total of
29.01.2018 01:48:29: ->try 1
29.01.2018 01:48:29: ->try 2
29.01.2018 01:48:29: SQL ITEM: players: 
Total of 0 in the game
29.01.2018 01:48:29: ->try 3
29.01.2018 01:48:29: ->try 4
29.01.2018 01:48:29: ->wejcie w ptl
29.01.2018 01:48:29: linia: 

29.01.2018 01:48:47: REFRESH: True
29.01.2018 01:49:05: REFRESH: True
29.01.2018 01:49:30: local premium valid, unlocking
29.01.2018 01:49:30: premium unlocked
29.01.2018 01:49:30: ->prepare_app_after_start finished task!
29.01.2018 01:49:30: checking premium with server
29.01.2018 01:49:30: IP SET
29.01.2018 01:49:30: premium unlocked
29.01.2018 01:49:31: ---killing 7daystodie.exe---
29.01.2018 01:49:33: ---server start---
29.01.2018 01:49:33: d:\program files (x86)\steam\steamapps\common\7 Days To Die\7DaysToDie.exe-quit -batchmode -nographics -configfile=serverconfig.xml -dedicated
29.01.2018 01:49:33: ---locking ctrl---
29.01.2018 01:49:33: ---DONE!---
29.01.2018 01:50:12: ---starting telnet_connection---
29.01.2018 01:50:15: ---starting spamer---
29.01.2018 01:50:16: SQL_EXPORTER: init
29.01.2018 01:50:16: SQL_EXPORTER: ready
29.01.2018 01:50:16: SQL_EXPORTER: loop
29.01.2018 01:50:17: SQL ITEM: players: 
Total of 0 in the game
29.01.2018 01:50:24: REFRESH: True
29.01.2018 01:50:43: REFRESH: True
29.01.2018 01:51:01: REFRESH: True
29.01.2018 01:51:18: SQL_EXPORTER: loop
29.01.2018 01:51:19: REFRESH: True
29.01.2018 01:51:19: SQL ITEM: players: 
Total of 0 in the game
29.01.2018 01:51:37: REFRESH: True
29.01.2018 01:51:55: REFRESH: True
29.01.2018 01:52:14: REFRESH: True
29.01.2018 01:52:21: SQL_EXPORTER: loop
29.01.2018 01:52:22: SQL ITEM: players: 
Total of 0 in the game
29.01.2018 01:52:30: LOGIN detected
29.01.2018 01:52:30: ADDED TO PL_LIST: pionner121, 76561198035573640
FULL: 2018-01-29T01:52:30 173.961 INF PlayerLogin: pionner121/Alpha 16.4
2018-01-29T01:52:30 173.963 INF Client IP: 127.0.0.1
2018-01-29T01:52:30 173.969 INF [Steamworks.NET] Auth.AuthenticateUser()
2018-01-29T01:52:30 174.002 INF [Steamworks.NET] Authenticating player: pionner121 SteamId: 76561198035573640 TicketLen: 1024 Result: k_EBeginAuthSessionResultOK

29.01.2018 01:52:32: REFRESH: True
29.01.2018 01:52:51: REFRESH: True
29.01.2018 01:53:09: REFRESH: True
29.01.2018 01:53:23: SQL_EXPORTER: loop
29.01.2018 01:53:24: SQL ITEM: login:  pionner121 x:  1028.5 y:  62.6 z:  1023.3 hp:  100
29.01.2018 01:53:24: SQL ITEM: players: 
Total of 1 in the game
29.01.2018 01:53:28: REFRESH: True
29.01.2018 01:53:46: REFRESH: True
29.01.2018 01:54:04: REFRESH: True
29.01.2018 01:54:22: REFRESH: True
29.01.2018 01:54:25: SQL_EXPORTER: loop
29.01.2018 01:54:26: SQL ITEM: login:  pionner121 x:  1028.5 y:  62.6 z:  1023.3 hp:  100
29.01.2018 01:54:26: SQL ITEM: players: 
Total of 1 in the game
29.01.2018 01:54:40: REFRESH: True
29.01.2018 01:54:59: REFRESH: True
29.01.2018 01:55:17: REFRESH: True
29.01.2018 01:55:27: SQL_EXPORTER: loop
29.01.2018 01:55:28: SQL ITEM: login:  pionner121 x:  1028.5 y:  62.6 z:  1023.3 hp:  100
29.01.2018 01:55:28: SQL ITEM: players: 
Total of 1 in the game
29.01.2018 01:55:35: REFRESH: True
29.01.2018 01:55:53: REFRESH: True
29.01.2018 01:56:39: local premium valid, unlocking
29.01.2018 01:56:39: premium unlocked
29.01.2018 01:56:39: ->prepare_app_after_start finished task!
29.01.2018 01:56:39: checking premium with server
29.01.2018 01:56:39: premium unlocked
29.01.2018 01:56:40: ---killing 7daystodie.exe---
29.01.2018 01:56:42: ---server start---
29.01.2018 01:56:42: d:\program files (x86)\steam\steamapps\common\7 Days To Die\7DaysToDie.exe-quit -batchmode -nographics -configfile=serverconfig.xml -dedicated
29.01.2018 01:56:42: ---locking ctrl---
29.01.2018 01:56:42: ---DONE!---
29.01.2018 01:57:21: ---starting telnet_connection---
29.01.2018 01:57:24: ---starting spamer---
29.01.2018 01:57:24: SQL_EXPORTER: init
29.01.2018 01:57:24: SQL_EXPORTER: ready
29.01.2018 01:57:24: SQL_EXPORTER: loop
29.01.2018 01:58:04: REFRESH: True
29.01.2018 01:58:22: REFRESH: True
29.01.2018 01:58:26: SQL_EXPORTER: loop
29.01.2018 01:58:27: SQL ITEM: players: 
0
29.01.2018 01:58:40: REFRESH: True
29.01.2018 01:58:58: REFRESH: True
29.01.2018 01:59:17: REFRESH: True
29.01.2018 01:59:29: SQL_EXPORTER: loop
29.01.2018 01:59:30: SQL ITEM: players: 
0
29.01.2018 01:59:35: REFRESH: True
29.01.2018 01:59:53: REFRESH: True
29.01.2018 01:59:57: LOGIN detected
29.01.2018 01:59:57: ADDED TO PL_LIST: pionner121, 76561198035573640
FULL: 2018-01-29T01:59:57 192.290 INF PlayerLogin: pionner121/Alpha 16.4
2018-01-29T01:59:57 192.292 INF Client IP: 127.0.0.1
2018-01-29T01:59:57 192.300 INF [Steamworks.NET] Auth.AuthenticateUser()
2018-01-29T01:59:57 192.336 INF [Steamworks.NET] Authenticating player: pionner121 SteamId: 76561198035573640 TicketLen: 1024 Result: k_EBeginAuthSessionResultOK

29.01.2018 02:00:12: REFRESH: True
29.01.2018 02:00:31: REFRESH: True
29.01.2018 02:00:31: SQL_EXPORTER: loop
29.01.2018 02:00:32: SQL ITEM: login:  pionner121 x:  1028.5 y:  62.6 z:  1023.3 hp:  100
29.01.2018 02:00:32: SQL ITEM: players: 
1
29.01.2018 02:00:49: REFRESH: True
29.01.2018 02:01:07: REFRESH: True
29.01.2018 02:01:25: REFRESH: True
29.01.2018 02:01:33: SQL_EXPORTER: loop
29.01.2018 02:01:35: SQL ITEM: login:  pionner121 x:  1028.5 y:  62.6 z:  1023.3 hp:  100
29.01.2018 02:01:35: SQL ITEM: players: 
1
29.01.2018 02:01:44: REFRESH: True
29.01.2018 02:02:02: REFRESH: True
29.01.2018 02:02:20: REFRESH: True
29.01.2018 02:02:36: SQL_EXPORTER: loop
29.01.2018 02:02:37: SQL ITEM: login:  pionner121 x:  1028.5 y:  62.6 z:  1023.3 hp:  100
29.01.2018 02:02:37: SQL ITEM: players: 
1
29.01.2018 02:02:38: REFRESH: True
29.01.2018 02:02:57: REFRESH: True
29.01.2018 02:03:15: REFRESH: True
29.01.2018 02:03:19: ---killing 7daystodie.exe---
29.01.2018 02:03:20: TELNET TERMINATED!!!
29.01.2018 02:04:10: local premium valid, unlocking
29.01.2018 02:04:10: premium unlocked
29.01.2018 02:04:10: ->prepare_app_after_start finished task!
29.01.2018 02:04:10: checking premium with server
29.01.2018 02:04:10: IP SET
29.01.2018 02:04:14: ---server start---
29.01.2018 02:04:14: d:\program files (x86)\steam\steamapps\common\7 Days To Die\7DaysToDie.exe-quit -batchmode -nographics -configfile=serverconfig.xml -dedicated
29.01.2018 02:04:15: ---locking ctrl---
29.01.2018 02:04:15: ---DONE!---
29.01.2018 02:04:53: ---starting telnet_connection---
29.01.2018 02:04:56: ---starting spamer---
29.01.2018 02:04:57: SQL_EXPORTER: init
29.01.2018 02:04:57: SQL_EXPORTER: ready
29.01.2018 02:04:57: SQL_EXPORTER: loop
29.01.2018 02:05:36: REFRESH: True
29.01.2018 02:05:55: REFRESH: True
29.01.2018 02:05:59: SQL_EXPORTER: loop
29.01.2018 02:06:00: SQL ITEM: players: 0
29.01.2018 02:06:13: REFRESH: True
29.01.2018 02:06:31: REFRESH: True
29.01.2018 02:06:49: REFRESH: True
29.01.2018 02:07:01: SQL_EXPORTER: loop
29.01.2018 02:07:03: SQL ITEM: players: 0
29.01.2018 02:07:08: REFRESH: True
29.01.2018 02:07:26: REFRESH: True
29.01.2018 02:07:44: REFRESH: True
29.01.2018 02:08:02: REFRESH: True
29.01.2018 02:08:04: SQL_EXPORTER: loop
29.01.2018 02:08:04: LOGIN detected
29.01.2018 02:08:05: ADDED TO PL_LIST: pionner121, 76561198035573640
FULL: 2018-01-29T02:08:04 226.864 INF PlayerLogin: pionner121/Alpha 16.4
2018-01-29T02:08:04 226.864 INF Client IP: 127.0.0.1
2018-01-29T02:08:04 226.867 INF [Steamworks.NET] Auth.AuthenticateUser()
2018-01-29T02:08:04 226.905 INF [Steamworks.NET] Authenticating player: pionner121 SteamId: 76561198035573640 TicketLen: 1024 Result: k_EBeginAuthSessionResultOK

29.01.2018 02:08:05: SQL ITEM: players: 0
29.01.2018 02:08:21: REFRESH: True
29.01.2018 02:08:40: REFRESH: True
29.01.2018 02:08:58: REFRESH: True
29.01.2018 02:09:06: SQL_EXPORTER: loop
29.01.2018 02:09:07: SQL ITEM: login:  pionner121 x:  1028.5 y:  62.6 z:  1023.3 hp:  100
29.01.2018 02:09:07: SQL ITEM: players: 1
29.01.2018 02:09:16: REFRESH: True
29.01.2018 02:09:35: REFRESH: True
29.01.2018 02:09:44: ---killing 7daystodie.exe---
29.01.2018 02:09:45: TELNET TERMINATED!!!
29.01.2018 02:10:35: local premium valid, unlocking
29.01.2018 02:10:35: premium unlocked
29.01.2018 02:10:35: ->prepare_app_after_start finished task!
29.01.2018 02:10:35: checking premium with server
29.01.2018 02:10:35: IP SET
29.01.2018 02:10:35: premium unlocked
29.01.2018 02:10:50: ---saving config---
29.01.2018 02:10:50: ---saving config---
29.01.2018 02:10:50: ---saving config---
29.01.2018 02:10:50: ---saving config---
29.01.2018 02:10:50: ---saving config---
29.01.2018 02:10:50: ---saving config---
29.01.2018 02:10:51: ---saving config---
29.01.2018 02:10:51: ---saving config---
29.01.2018 02:10:53: ---saving config---
29.01.2018 02:10:53: ---saving config---
29.01.2018 02:12:41: local premium valid, unlocking
29.01.2018 02:12:41: premium unlocked
29.01.2018 02:12:41: ->prepare_app_after_start finished task!
29.01.2018 02:12:41: checking premium with server
29.01.2018 02:12:41: IP SET
29.01.2018 02:12:41: premium unlocked
29.01.2018 02:13:23: local premium valid, unlocking
29.01.2018 02:13:23: premium unlocked
29.01.2018 02:13:23: ->prepare_app_after_start finished task!
29.01.2018 02:13:23: checking premium with server
29.01.2018 02:13:23: premium unlocked
