30.09.2017 02:23:54: local premium valid, unlocking
30.09.2017 02:23:54: premium unlocked
30.09.2017 02:23:54: ->prepare_app_after_start finished task!
30.09.2017 02:23:54: checking premium with server
30.09.2017 02:23:55: IP SET
30.09.2017 02:23:55: premium unlocked
30.09.2017 14:40:26: local premium valid, unlocking
30.09.2017 14:40:26: premium unlocked
30.09.2017 14:40:26: ->prepare_app_after_start finished task!
30.09.2017 14:40:26: checking premium with server
30.09.2017 14:40:26: premium unlocked
30.09.2017 14:40:29: ---server start---
30.09.2017 14:40:29: d:\program files (x86)\steam\steamapps\common\7 Days To Die\7DaysToDie.exe-quit -batchmode -nographics -configfile=serverconfig.xml -dedicated
30.09.2017 14:40:29: ---locking ctrl---
30.09.2017 14:40:29: ---DONE!---
30.09.2017 14:41:06: ---starting telnet_connection---
30.09.2017 14:41:07: ---starting spamer---
30.09.2017 14:41:49: REFRESH: True
30.09.2017 14:42:09: REFRESH: True
30.09.2017 14:42:27: REFRESH: True
30.09.2017 14:42:45: REFRESH: True
30.09.2017 14:43:03: REFRESH: True
30.09.2017 14:43:21: REFRESH: True
30.09.2017 14:43:40: REFRESH: True
30.09.2017 14:43:58: REFRESH: True
30.09.2017 14:44:16: REFRESH: True
30.09.2017 14:44:34: REFRESH: True
30.09.2017 14:44:52: REFRESH: True
30.09.2017 14:45:10: REFRESH: True
30.09.2017 14:45:29: REFRESH: True
30.09.2017 14:45:47: REFRESH: True
30.09.2017 14:46:05: REFRESH: True
30.09.2017 14:46:23: REFRESH: True
30.09.2017 14:46:41: REFRESH: True
30.09.2017 14:47:00: REFRESH: True
30.09.2017 14:47:18: REFRESH: True
30.09.2017 14:47:36: REFRESH: True
30.09.2017 14:47:54: REFRESH: True
30.09.2017 14:48:12: REFRESH: True
30.09.2017 14:48:30: REFRESH: True
30.09.2017 14:48:49: REFRESH: True
30.09.2017 14:49:07: REFRESH: True
30.09.2017 14:49:25: REFRESH: True
30.09.2017 14:49:43: REFRESH: True
30.09.2017 14:50:01: REFRESH: True
30.09.2017 14:50:20: REFRESH: True
30.09.2017 14:50:38: REFRESH: True
30.09.2017 14:50:56: REFRESH: True
30.09.2017 14:51:14: REFRESH: True
30.09.2017 14:51:32: REFRESH: True
30.09.2017 14:51:50: REFRESH: True
30.09.2017 14:52:09: REFRESH: True
30.09.2017 14:52:27: REFRESH: True
30.09.2017 14:52:45: REFRESH: True
30.09.2017 14:53:03: REFRESH: True
30.09.2017 14:53:21: REFRESH: True
30.09.2017 14:53:39: REFRESH: True
30.09.2017 14:53:58: REFRESH: True
30.09.2017 14:54:16: REFRESH: True
30.09.2017 14:54:34: REFRESH: True
30.09.2017 14:54:52: REFRESH: True
30.09.2017 14:55:10: REFRESH: True
30.09.2017 14:55:28: REFRESH: True
30.09.2017 14:55:47: REFRESH: True
30.09.2017 14:56:05: REFRESH: True
30.09.2017 14:56:23: REFRESH: True
30.09.2017 14:56:41: REFRESH: True
30.09.2017 14:56:59: REFRESH: True
30.09.2017 14:57:17: REFRESH: True
30.09.2017 14:57:36: REFRESH: True
30.09.2017 14:57:54: REFRESH: True
30.09.2017 14:58:12: REFRESH: True
30.09.2017 14:58:30: REFRESH: True
30.09.2017 14:58:48: REFRESH: True
30.09.2017 14:59:06: REFRESH: True
30.09.2017 14:59:24: REFRESH: True
30.09.2017 14:59:43: REFRESH: True
30.09.2017 15:00:01: REFRESH: True
30.09.2017 15:00:19: REFRESH: True
30.09.2017 15:00:37: REFRESH: True
30.09.2017 15:00:55: REFRESH: True
30.09.2017 15:01:14: REFRESH: True
30.09.2017 15:01:32: REFRESH: True
30.09.2017 15:01:50: REFRESH: True
30.09.2017 15:02:08: REFRESH: True
30.09.2017 15:02:26: REFRESH: True
30.09.2017 15:02:44: REFRESH: True
30.09.2017 15:03:03: REFRESH: True
30.09.2017 15:03:21: REFRESH: True
30.09.2017 15:03:39: REFRESH: True
30.09.2017 15:03:57: REFRESH: True
30.09.2017 15:04:15: REFRESH: True
30.09.2017 15:04:33: REFRESH: True
30.09.2017 15:04:52: REFRESH: True
30.09.2017 15:05:10: REFRESH: True
30.09.2017 15:05:28: REFRESH: True
30.09.2017 15:05:46: REFRESH: True
30.09.2017 15:06:04: REFRESH: True
30.09.2017 15:06:23: REFRESH: True
30.09.2017 15:06:41: REFRESH: True
30.09.2017 15:06:59: REFRESH: True
30.09.2017 15:07:17: REFRESH: True
29.01.2018 02:15:02: local premium valid, unlocking
29.01.2018 02:15:02: premium unlocked
29.01.2018 02:15:02: ->prepare_app_after_start finished task!
29.01.2018 02:15:02: checking premium with server
29.01.2018 02:15:02: IP SET
29.01.2018 02:15:02: premium unlocked
