7DaysServerManager 8.3 (Compiled 30.09.2017 02:23:44)Type "local help" for commands.
You have the latest version of 7DSM.

7DaysServerManager 8.3 (Compiled 30.09.2017 02:23:44)Type "local help" for commands.
You have the latest version of 7DSM.

Server running from path: d:\program files (x86)\steam\steamapps\common\7 Days To Die

Server is not ready yet... Trying again in 30s.
(If this is the first start, it might take few minutes to render the level, keep calm.)

Server is running now...

*** Connected with 7DTD server.
*** Server version: Alpha 16.3 (b12) Compatibility Version: Alpha 16.3

Server IP:   Any
Server port: 26900
Max players: 8
Game mode:   GameModeSurvivalMP
World:       Navezgane
Game name:   My Game
Difficulty:  2

Press 'help' to get a list of all commands. Press 'exit' to end session.



2017-09-30T14:41:51 78.673 INF SelectionBoxManager.Instance: SelectionBoxes (SelectionBoxManager)
2017-09-30T14:41:51 78.709 INF Started thread thread_GenerateChunks


2017-09-30T14:41:51 79.096 INF POI image size w= 4096, h = 4096
2017-09-30T14:41:51 79.259 INF Biomes image size w= 2048, h = 2048
2017-09-30T14:41:51 79.276 INF Biomes image size w= 2048, h = 2048


2017-09-30T14:41:54 82.104 INF ************************Weather Packages Created FROM BIOMES  :D ************************


2017-09-30T14:41:55 82.408 INF createWorld() done
2017-09-30T14:41:55 82.411 INF Loading players.xml
2017-09-30T14:41:55 82.519 INF Loaded player
2017-09-30T14:41:55 82.570 INF Loading vehicles
2017-09-30T14:41:55 82.669 INF Steam in online mode: Opening steam lobby
2017-09-30T14:41:55 82.757 INF [EAC] Starting EAC server
2017-09-30T14:41:55 82.849 INF Starting game
2017-09-30T14:41:55 82.849 INF [EAC] Log: [SetLogCallback] Procedure: 0000000031819C60 LogLevel: Debug
2017-09-30T14:41:55 82.866 INF StartGame done


2017-09-30T14:41:57 85.279 INF [Steamworks.NET] GameServer.Init successful


2017-09-30T14:42:02 90.098 INF [Steamworks.NET] GameServer.LogOn successful, SteamID=90111302207473666


> help teleportplayer

2017-09-30T14:42:11 98.898 INF Executing command 'help teleportplayer' by Telnet from 127.0.0.1:2333
*** Command: teleportplayer ***
Usage:
  1. teleportplayer <steam id / player name / entity id> <x> <y> <z>
  2. teleportplayer <steam id / player name / entity id> <target steam id / player name / entity id>
1. Teleports the player given by his SteamID, player name or entity id (as given by e.g. "lpi")
   to the specified location. Use y = -1 to spawn on ground.
2. As 1, but destination given by another (online) player


Closing server...

2017-09-30T15:07:31 1619.113 INF Executing command 'shutdown' by Telnet from 127.0.0.1:2333
Shutting server down...
2017-09-30T15:07:31 1619.210 INF Disconnect
2017-09-30T15:07:31 1619.212 INF NET: Stopping server protocols
2017-09-30T15:07:31 1619.244 INF NET: Untiy NW server stopped
2017-09-30T15:07:31 1619.244 INF [Steamworks.NET] NET: Server stopped
2017-09-30T15:07:31 1619.245 INF [NET] ServerShutdown
2017-09-30T15:07:31 1619.247 INF SaveAndCleanupWorld
2017-09-30T15:07:31 1619.275 INF Saving 0 of chunks took 20ms
2017-09-30T15:07:31 1619.286 INF [EAC] Stopping EAC server
2017-09-30T15:07:31 1619.286 INF [EAC] Log: [Destroy] Called
2017-09-30T15:07:31 1619.306 INF [Steamworks.NET] Stopping server


2017-09-30T15:07:32 1619.575 INF [Steamworks.NET] Exiting Lobby
2017-09-30T15:07:32 1619.580 INF World.Unload
2017-09-30T15:07:32 1619.584 INF Exited thread thread_GenerateChunks


Server closed

7DaysServerManager 8.4 (Compiled 29.01.2018 02:14:38)Type "local help" for commands.
Error during connecting to update server: the server is down, your connection to the internet is down or you're using unregistered build (server doesn't know your version of 7DSM, so it can't tell you if there are updates for it).

