7DaysServerManager 9.0 (Compiled 1/1/2000 12:00:00 AM)Type "local help" for commands.
Error during connecting to update server: the server is down, your connection to the internet is down or you're using unregistered build (server doesn't know your version of 7DSM, so it can't tell you if there are updates for it).

7DaysServerManager 9.1 (Compiled 1/1/2000 12:00:00 AM)Type "local help" for commands.
Error during connecting to update server: the server is down, your connection to the internet is down or you're using unregistered build (server doesn't know your version of 7DSM, so it can't tell you if there are updates for it).

7DaysServerManager 9.1 (Compiled 1/1/2000 12:00:00 AM)Type "local help" for commands.
Error during connecting to update server: the server is down, your connection to the internet is down or you're using unregistered build (server doesn't know your version of 7DSM, so it can't tell you if there are updates for it).

7DaysServerManager 9.1 (Compiled 1/1/2000 12:00:00 AM)Type "local help" for commands.
Error during connecting to update server: the server is down, your connection to the internet is down or you're using unregistered build (server doesn't know your version of 7DSM, so it can't tell you if there are updates for it).

7DaysServerManager 9.1 (Compiled 1/1/2000 12:00:00 AM)Type "local help" for commands.
Error during connecting to update server: the server is down, your connection to the internet is down or you're using unregistered build (server doesn't know your version of 7DSM, so it can't tell you if there are updates for it).

7DaysServerManager 9.1 (Compiled 1/1/2000 12:00:00 AM)Type "local help" for commands.
Error during connecting to update server: the server is down, your connection to the internet is down or you're using unregistered build (server doesn't know your version of 7DSM, so it can't tell you if there are updates for it).

7DaysServerManager 9.1 (Compiled 1/1/2000 12:00:00 AM)Type "local help" for commands.
Error during connecting to update server: the server is down, your connection to the internet is down or you're using unregistered build (server doesn't know your version of 7DSM, so it can't tell you if there are updates for it).



████████╗██╗  ██╗ █████╗ ███╗   ██╗██╗  ██╗    ██╗   ██╗ ██████╗ ██╗   ██╗   ██╗ 
╚══██╔══╝██║  ██║██╔══██╗████╗  ██║██║ ██╔╝    ╚██╗ ██╔╝██╔═══██╗██║   ██║██╗╚██╗
   ██║   ███████║███████║██╔██╗ ██║█████╔╝      ╚████╔╝ ██║   ██║██║   ██║╚═╝ ██║
   ██║   ██╔══██║██╔══██║██║╚██╗██║██╔═██╗       ╚██╔╝  ██║   ██║██║   ██║██╗ ██║
   ██║   ██║  ██║██║  ██║██║ ╚████║██║  ██╗       ██║   ╚██████╔╝╚██████╔╝╚═╝██╔╝
   ╚═╝   ╚═╝  ╚═╝╚═╝  ╚═╝╚═╝  ╚═══╝╚═╝  ╚═╝       ╚═╝    ╚═════╝  ╚═════╝    ╚═╝ 



7DaysServerManager 9.1 (Compiled 1/1/2000 12:00:00 AM)Type "local help" for commands.
Error during connecting to update server: the server is down, your connection to the internet is down or you're using unregistered build (server doesn't know your version of 7DSM, so it can't tell you if there are updates for it).

7DaysServerManager 9.1 (Compiled 1/1/2000 12:00:00 AM)Type "local help" for commands.
Error during connecting to update server: the server is down, your connection to the internet is down or you're using unregistered build (server doesn't know your version of 7DSM, so it can't tell you if there are updates for it).



████████╗██╗  ██╗ █████╗ ███╗   ██╗██╗  ██╗    ██╗   ██╗ ██████╗ ██╗   ██╗   ██╗ 
╚══██╔══╝██║  ██║██╔══██╗████╗  ██║██║ ██╔╝    ╚██╗ ██╔╝██╔═══██╗██║   ██║██╗╚██╗
   ██║   ███████║███████║██╔██╗ ██║█████╔╝      ╚████╔╝ ██║   ██║██║   ██║╚═╝ ██║
   ██║   ██╔══██║██╔══██║██║╚██╗██║██╔═██╗       ╚██╔╝  ██║   ██║██║   ██║██╗ ██║
   ██║   ██║  ██║██║  ██║██║ ╚████║██║  ██╗       ██║   ╚██████╔╝╚██████╔╝╚═╝██╔╝
   ╚═╝   ╚═╝  ╚═╝╚═╝  ╚═╝╚═╝  ╚═══╝╚═╝  ╚═╝       ╚═╝    ╚═════╝  ╚═════╝    ╚═╝ 



  _______ _                 _          ______           _____                    _   _             _ 
 |__   __| |               | |        |  ____|         |  __ \                  | | (_)           | |
    | |  | |__   __ _ _ __ | | _____  | |__ ___  _ __  | |  | | ___  _ __   __ _| |_ _ _ __   __ _| |
    | |  | '_ \ / _` | '_ \| |/ / __| |  __/ _ \| '__| | |  | |/ _ \| '_ \ / _` | __| | '_ \ / _` | |
    | |  | | | | (_| | | | |   <\__ \ | | | (_) | |    | |__| | (_) | | | | (_| | |_| | | | | (_| |_|
    |_|  |_| |_|\__,_|_| |_|_|\_\___/ |_|  \___/|_|    |_____/ \___/|_| |_|\__,_|\__|_|_| |_|\__, (_)
                                                                                              __/ |  
                                                                                             |___/   


7DaysServerManager 9.1 (Compiled 1/1/2000 12:00:00 AM)Type "local help" for commands.
Error during connecting to update server: the server is down, your connection to the internet is down or you're using unregistered build (server doesn't know your version of 7DSM, so it can't tell you if there are updates for it).

7DaysServerManager 9.1 (Compiled 1/1/2000 12:00:00 AM)Type "local help" for commands.
Error during connecting to update server: the server is down, your connection to the internet is down or you're using unregistered build (server doesn't know your version of 7DSM, so it can't tell you if there are updates for it).

7DaysServerManager 9.1 (Compiled 1/1/2000 12:00:00 AM)Type "local help" for commands.
Error during connecting to update server: the server is down, your connection to the internet is down or you're using unregistered build (server doesn't know your version of 7DSM, so it can't tell you if there are updates for it).

7DaysServerManager 9.1 (Compiled 1/1/2000 12:00:00 AM)Type "local help" for commands.
Error during connecting to update server: the server is down, your connection to the internet is down or you're using unregistered build (server doesn't know your version of 7DSM, so it can't tell you if there are updates for it).

7DaysServerManager 9.1 (Compiled 1/1/2000 12:00:00 AM)Type "local help" for commands.
Error during connecting to update server: the server is down, your connection to the internet is down or you're using unregistered build (server doesn't know your version of 7DSM, so it can't tell you if there are updates for it).

7DaysServerManager 9.1 (Compiled 1/1/2000 12:00:00 AM)Type "local help" for commands.
Error during connecting to update server: the server is down, your connection to the internet is down or you're using unregistered build (server doesn't know your version of 7DSM, so it can't tell you if there are updates for it).

7DaysServerManager 9.1 (Compiled 1/1/2000 12:00:00 AM)Type "local help" for commands.
Error during connecting to update server: the server is down, your connection to the internet is down or you're using unregistered build (server doesn't know your version of 7DSM, so it can't tell you if there are updates for it).

7DaysServerManager 9.1 (Compiled 1/1/2000 12:00:00 AM)Type "local help" for commands.
Error during connecting to update server: the server is down, your connection to the internet is down or you're using unregistered build (server doesn't know your version of 7DSM, so it can't tell you if there are updates for it).

7DaysServerManager 9.1 (Compiled 1/1/2000 12:00:00 AM)Type "local help" for commands.
Error during connecting to update server: the server is down, your connection to the internet is down or you're using unregistered build (server doesn't know your version of 7DSM, so it can't tell you if there are updates for it).

7DaysServerManager 9.1 (Compiled 1/1/2000 12:00:00 AM)Type "local help" for commands.
Error during connecting to update server: the server is down, your connection to the internet is down or you're using unregistered build (server doesn't know your version of 7DSM, so it can't tell you if there are updates for it).

7DaysServerManager 9.1 (Compiled 1/1/2000 12:00:00 AM)Type "local help" for commands.
Error during connecting to update server: the server is down, your connection to the internet is down or you're using unregistered build (server doesn't know your version of 7DSM, so it can't tell you if there are updates for it).

7DaysServerManager 9.1 (Compiled 1/1/2000 12:00:00 AM)Type "local help" for commands.
Error during connecting to update server: the server is down, your connection to the internet is down or you're using unregistered build (server doesn't know your version of 7DSM, so it can't tell you if there are updates for it).

7DaysServerManager 9.1 (Compiled 1/1/2000 12:00:00 AM)Type "local help" for commands.
Error during connecting to update server: the server is down, your connection to the internet is down or you're using unregistered build (server doesn't know your version of 7DSM, so it can't tell you if there are updates for it).

